{
  "/home/erichong/ygo-card-time/libs/line/src/service/line-bot.ts": {
    "path": "/home/erichong/ygo-card-time/libs/line/src/service/line-bot.ts",
    "statementMap": {
      "0": {
        "start": { "line": 4, "column": 18 },
        "end": { "line": 4, "column": 40 }
      },
      "1": {
        "start": { "line": 5, "column": 16 },
        "end": { "line": 5, "column": 55 }
      },
      "2": {
        "start": { "line": 13, "column": 20 },
        "end": { "line": 16, "column": 5 }
      },
      "3": {
        "start": { "line": 18, "column": 4 },
        "end": { "line": 24, "column": 5 }
      },
      "4": {
        "start": { "line": 19, "column": 6 },
        "end": { "line": 19, "column": 68 }
      },
      "5": {
        "start": { "line": 20, "column": 6 },
        "end": { "line": 20, "column": 18 }
      },
      "6": {
        "start": { "line": 22, "column": 6 },
        "end": { "line": 22, "column": 51 }
      },
      "7": {
        "start": { "line": 23, "column": 6 },
        "end": { "line": 23, "column": 18 }
      }
    },
    "fnMap": {
      "0": {
        "name": "(anonymous_0)",
        "decl": {
          "start": { "line": 7, "column": 2 },
          "end": { "line": 7, "column": 3 }
        },
        "loc": {
          "start": { "line": 7, "column": 16 },
          "end": { "line": 7, "column": 18 }
        },
        "line": 7
      },
      "1": {
        "name": "(anonymous_1)",
        "decl": {
          "start": { "line": 9, "column": 2 },
          "end": { "line": 9, "column": 3 }
        },
        "loc": {
          "start": { "line": 12, "column": 4 },
          "end": { "line": 25, "column": 3 }
        },
        "line": 12
      }
    },
    "branchMap": {
      "0": {
        "loc": {
          "start": { "line": 11, "column": 4 },
          "end": { "line": 11, "column": 61 }
        },
        "type": "default-arg",
        "locations": [
          {
            "start": { "line": 11, "column": 26 },
            "end": { "line": 11, "column": 61 }
          }
        ],
        "line": 11
      }
    },
    "s": { "0": 3, "1": 3, "2": 3, "3": 3, "4": 3, "5": 2, "6": 1, "7": 1 },
    "f": { "0": 3, "1": 3 },
    "b": { "0": [2] },
    "_coverageSchema": "1a1c01bbd47fc00a2c39e90264f33305004495a9",
    "hash": "8d61bafa68efef4960ee5c0cd1072ac26d23770d"
  }
}
