<?xml version="1.0" encoding="UTF-8"?>
<coverage generated="1716111613023" clover="3.2.0">
  <project timestamp="1716111613023" name="All files">
    <metrics statements="5" coveredstatements="5" conditionals="0" coveredconditionals="0" methods="0" coveredmethods="0" elements="5" coveredelements="5" complexity="0" loc="5" ncloc="5" packages="2" files="5" classes="5"/>
    <package name="database">
      <metrics statements="2" coveredstatements="2" conditionals="0" coveredconditionals="0" methods="0" coveredmethods="0"/>
      <file name="cards-data.const.ts" path="/home/erichong/ygo-card-time/libs/schemas/src/useful/database/cards-data.const.ts">
        <metrics statements="1" coveredstatements="1" conditionals="0" coveredconditionals="0" methods="0" coveredmethods="0"/>
        <line num="4" count="2" type="stmt"/>
      </file>
      <file name="jurisprudence-data.const.ts" path="/home/erichong/ygo-card-time/libs/schemas/src/useful/database/jurisprudence-data.const.ts">
        <metrics statements="1" coveredstatements="1" conditionals="0" coveredconditionals="0" methods="0" coveredmethods="0"/>
        <line num="4" count="1" type="stmt"/>
      </file>
    </package>
    <package name="value-object">
      <metrics statements="3" coveredstatements="3" conditionals="0" coveredconditionals="0" methods="0" coveredmethods="0"/>
      <file name="index.ts" path="/home/erichong/ygo-card-time/libs/schemas/src/useful/value-object/index.ts">
        <metrics statements="2" coveredstatements="2" conditionals="0" coveredconditionals="0" methods="0" coveredmethods="0"/>
        <line num="1" count="1" type="stmt"/>
        <line num="2" count="1" type="stmt"/>
      </file>
      <file name="meta.const.ts" path="/home/erichong/ygo-card-time/libs/schemas/src/useful/value-object/meta.const.ts">
        <metrics statements="1" coveredstatements="1" conditionals="0" coveredconditionals="0" methods="0" coveredmethods="0"/>
        <line num="4" count="3" type="stmt"/>
      </file>
      <file name="meta.ts" path="/home/erichong/ygo-card-time/libs/schemas/src/useful/value-object/meta.ts">
        <metrics statements="0" coveredstatements="0" conditionals="0" coveredconditionals="0" methods="0" coveredmethods="0"/>
      </file>
    </package>
  </project>
</coverage>
