<?xml version="1.0" encoding="UTF-8"?>
<coverage generated="1716096407136" clover="3.2.0">
  <project timestamp="1716096407136" name="All files">
    <metrics statements="29" coveredstatements="20" conditionals="10" coveredconditionals="5" methods="8" coveredmethods="5" elements="47" coveredelements="30" complexity="0" loc="29" ncloc="29" packages="2" files="5" classes="5"/>
    <package name="dataAccess">
      <metrics statements="28" coveredstatements="19" conditionals="10" coveredconditionals="5" methods="8" coveredmethods="5"/>
      <file name="daService.ts" path="/home/erichong/ygo-card-time/libs/mongo-server/src/dataAccess/daService.ts">
        <metrics statements="18" coveredstatements="18" conditionals="6" coveredconditionals="5" methods="5" coveredmethods="5"/>
        <line num="15" count="7" type="stmt"/>
        <line num="18" count="7" type="stmt"/>
        <line num="19" count="7" type="stmt"/>
        <line num="23" count="5" type="stmt"/>
        <line num="24" count="5" type="stmt"/>
        <line num="25" count="5" type="stmt"/>
        <line num="26" count="4" type="stmt"/>
        <line num="27" count="4" type="stmt"/>
        <line num="29" count="1" type="stmt"/>
        <line num="30" count="1" type="stmt"/>
        <line num="35" count="5" type="cond" truecount="1" falsecount="1"/>
        <line num="36" count="5" type="stmt"/>
        <line num="54" count="2" type="stmt"/>
        <line num="55" count="2" type="stmt"/>
        <line num="56" count="2" type="stmt"/>
        <line num="73" count="3" type="stmt"/>
        <line num="74" count="3" type="stmt"/>
        <line num="75" count="3" type="stmt"/>
      </file>
      <file name="modelRegistry.ts" path="/home/erichong/ygo-card-time/libs/mongo-server/src/dataAccess/modelRegistry.ts">
        <metrics statements="9" coveredstatements="0" conditionals="4" coveredconditionals="0" methods="3" coveredmethods="0"/>
        <line num="7" count="0" type="stmt"/>
        <line num="8" count="0" type="stmt"/>
        <line num="13" count="0" type="cond" truecount="0" falsecount="2"/>
        <line num="14" count="0" type="stmt"/>
        <line num="16" count="0" type="stmt"/>
        <line num="25" count="0" type="cond" truecount="0" falsecount="2"/>
        <line num="26" count="0" type="stmt"/>
        <line num="27" count="0" type="stmt"/>
        <line num="33" count="0" type="stmt"/>
      </file>
      <file name="modelSchemas.ts" path="/home/erichong/ygo-card-time/libs/mongo-server/src/dataAccess/modelSchemas.ts">
        <metrics statements="1" coveredstatements="1" conditionals="0" coveredconditionals="0" methods="0" coveredmethods="0"/>
        <line num="4" count="1" type="stmt"/>
      </file>
    </package>
    <package name="schemas">
      <metrics statements="1" coveredstatements="1" conditionals="0" coveredconditionals="0" methods="0" coveredmethods="0"/>
      <file name="cards-data.mongo.ts" path="/home/erichong/ygo-card-time/libs/mongo-server/src/schemas/cards-data.mongo.ts">
        <metrics statements="1" coveredstatements="1" conditionals="0" coveredconditionals="0" methods="0" coveredmethods="0"/>
        <line num="3" count="1" type="stmt"/>
      </file>
      <file name="index.ts" path="/home/erichong/ygo-card-time/libs/mongo-server/src/schemas/index.ts">
        <metrics statements="0" coveredstatements="0" conditionals="0" coveredconditionals="0" methods="0" coveredmethods="0"/>
      </file>
    </package>
  </project>
</coverage>
