{
  "/home/erichong/ygo-card-time/libs/mongo-server/src/dataAccess/daService.ts": {
    "path": "/home/erichong/ygo-card-time/libs/mongo-server/src/dataAccess/daService.ts",
    "statementMap": {
      "0": {
        "start": { "line": 15, "column": 28 },
        "end": { "line": 15, "column": 33 }
      },
      "1": {
        "start": { "line": 18, "column": 4 },
        "end": { "line": 18, "column": 19 }
      },
      "2": {
        "start": { "line": 19, "column": 4 },
        "end": { "line": 19, "column": 48 }
      },
      "3": {
        "start": { "line": 23, "column": 4 },
        "end": { "line": 31, "column": 5 }
      },
      "4": {
        "start": { "line": 24, "column": 6 },
        "end": { "line": 24, "column": 45 }
      },
      "5": {
        "start": { "line": 25, "column": 6 },
        "end": { "line": 25, "column": 39 }
      },
      "6": {
        "start": { "line": 26, "column": 6 },
        "end": { "line": 26, "column": 25 }
      },
      "7": {
        "start": { "line": 27, "column": 6 },
        "end": { "line": 27, "column": 53 }
      },
      "8": {
        "start": { "line": 29, "column": 6 },
        "end": { "line": 29, "column": 54 }
      },
      "9": {
        "start": { "line": 30, "column": 6 },
        "end": { "line": 30, "column": 16 }
      },
      "10": {
        "start": { "line": 35, "column": 4 },
        "end": { "line": 37, "column": 5 }
      },
      "11": {
        "start": { "line": 36, "column": 6 },
        "end": { "line": 36, "column": 24 }
      },
      "12": {
        "start": { "line": 54, "column": 4 },
        "end": { "line": 54, "column": 35 }
      },
      "13": {
        "start": { "line": 55, "column": 18 },
        "end": { "line": 55, "column": 51 }
      },
      "14": {
        "start": { "line": 56, "column": 4 },
        "end": { "line": 56, "column": 74 }
      },
      "15": {
        "start": { "line": 73, "column": 4 },
        "end": { "line": 73, "column": 35 }
      },
      "16": {
        "start": { "line": 74, "column": 18 },
        "end": { "line": 74, "column": 51 }
      },
      "17": {
        "start": { "line": 75, "column": 4 },
        "end": { "line": 77, "column": 35 }
      }
    },
    "fnMap": {
      "0": {
        "name": "(anonymous_0)",
        "decl": {
          "start": { "line": 17, "column": 2 },
          "end": { "line": 17, "column": 3 }
        },
        "loc": {
          "start": { "line": 17, "column": 27 },
          "end": { "line": 20, "column": 3 }
        },
        "line": 17
      },
      "1": {
        "name": "(anonymous_1)",
        "decl": {
          "start": { "line": 22, "column": 2 },
          "end": { "line": 22, "column": 3 }
        },
        "loc": {
          "start": { "line": 22, "column": 23 },
          "end": { "line": 32, "column": 3 }
        },
        "line": 22
      },
      "2": {
        "name": "(anonymous_2)",
        "decl": {
          "start": { "line": 34, "column": 2 },
          "end": { "line": 34, "column": 3 }
        },
        "loc": {
          "start": { "line": 34, "column": 36 },
          "end": { "line": 38, "column": 3 }
        },
        "line": 34
      },
      "3": {
        "name": "(anonymous_3)",
        "decl": {
          "start": { "line": 48, "column": 2 },
          "end": { "line": 48, "column": 3 }
        },
        "loc": {
          "start": { "line": 53, "column": 18 },
          "end": { "line": 57, "column": 3 }
        },
        "line": 53
      },
      "4": {
        "name": "(anonymous_4)",
        "decl": {
          "start": { "line": 67, "column": 2 },
          "end": { "line": 67, "column": 3 }
        },
        "loc": {
          "start": { "line": 72, "column": 23 },
          "end": { "line": 78, "column": 3 }
        },
        "line": 72
      }
    },
    "branchMap": {
      "0": {
        "loc": {
          "start": { "line": 35, "column": 4 },
          "end": { "line": 37, "column": 5 }
        },
        "type": "if",
        "locations": [
          {
            "start": { "line": 35, "column": 4 },
            "end": { "line": 37, "column": 5 }
          },
          { "start": {}, "end": {} }
        ],
        "line": 35
      },
      "1": {
        "loc": {
          "start": { "line": 50, "column": 4 },
          "end": { "line": 50, "column": 31 }
        },
        "type": "default-arg",
        "locations": [
          {
            "start": { "line": 50, "column": 29 },
            "end": { "line": 50, "column": 31 }
          }
        ],
        "line": 50
      },
      "2": {
        "loc": {
          "start": { "line": 51, "column": 4 },
          "end": { "line": 51, "column": 38 }
        },
        "type": "default-arg",
        "locations": [
          {
            "start": { "line": 51, "column": 36 },
            "end": { "line": 51, "column": 38 }
          }
        ],
        "line": 51
      },
      "3": {
        "loc": {
          "start": { "line": 52, "column": 4 },
          "end": { "line": 52, "column": 30 }
        },
        "type": "default-arg",
        "locations": [
          {
            "start": { "line": 52, "column": 28 },
            "end": { "line": 52, "column": 30 }
          }
        ],
        "line": 52
      },
      "4": {
        "loc": {
          "start": { "line": 71, "column": 4 },
          "end": { "line": 71, "column": 30 }
        },
        "type": "default-arg",
        "locations": [
          {
            "start": { "line": 71, "column": 28 },
            "end": { "line": 71, "column": 30 }
          }
        ],
        "line": 71
      }
    },
    "s": {
      "0": 7,
      "1": 7,
      "2": 7,
      "3": 5,
      "4": 5,
      "5": 5,
      "6": 4,
      "7": 4,
      "8": 1,
      "9": 1,
      "10": 5,
      "11": 5,
      "12": 2,
      "13": 2,
      "14": 2,
      "15": 3,
      "16": 3,
      "17": 3
    },
    "f": { "0": 7, "1": 5, "2": 5, "3": 2, "4": 3 },
    "b": { "0": [5, 0], "1": [1], "2": [1], "3": [1], "4": [1] },
    "_coverageSchema": "1a1c01bbd47fc00a2c39e90264f33305004495a9",
    "hash": "980516f1514e58a06a095f5d38660265117286d6"
  },
  "/home/erichong/ygo-card-time/libs/mongo-server/src/dataAccess/modelRegistry.ts": {
    "path": "/home/erichong/ygo-card-time/libs/mongo-server/src/dataAccess/modelRegistry.ts",
    "statementMap": {
      "0": {
        "start": { "line": 7, "column": 55 },
        "end": { "line": 7, "column": 57 }
      },
      "1": {
        "start": { "line": 8, "column": 35 },
        "end": { "line": 8, "column": 47 }
      },
      "2": {
        "start": { "line": 13, "column": 4 },
        "end": { "line": 15, "column": 5 }
      },
      "3": {
        "start": { "line": 14, "column": 6 },
        "end": { "line": 14, "column": 51 }
      },
      "4": {
        "start": { "line": 16, "column": 4 },
        "end": { "line": 16, "column": 34 }
      },
      "5": {
        "start": { "line": 25, "column": 4 },
        "end": { "line": 32, "column": 5 }
      },
      "6": {
        "start": { "line": 26, "column": 21 },
        "end": { "line": 26, "column": 60 }
      },
      "7": {
        "start": { "line": 27, "column": 6 },
        "end": { "line": 31, "column": 8 }
      },
      "8": {
        "start": { "line": 33, "column": 4 },
        "end": { "line": 33, "column": 34 }
      }
    },
    "fnMap": {
      "0": {
        "name": "(anonymous_0)",
        "decl": {
          "start": { "line": 10, "column": 2 },
          "end": { "line": 10, "column": 3 }
        },
        "loc": {
          "start": { "line": 10, "column": 24 },
          "end": { "line": 10, "column": 26 }
        },
        "line": 10
      },
      "1": {
        "name": "(anonymous_1)",
        "decl": {
          "start": { "line": 12, "column": 2 },
          "end": { "line": 12, "column": 3 }
        },
        "loc": {
          "start": { "line": 12, "column": 45 },
          "end": { "line": 17, "column": 3 }
        },
        "line": 12
      },
      "2": {
        "name": "(anonymous_2)",
        "decl": {
          "start": { "line": 24, "column": 2 },
          "end": { "line": 24, "column": 3 }
        },
        "loc": {
          "start": { "line": 24, "column": 58 },
          "end": { "line": 34, "column": 3 }
        },
        "line": 24
      }
    },
    "branchMap": {
      "0": {
        "loc": {
          "start": { "line": 13, "column": 4 },
          "end": { "line": 15, "column": 5 }
        },
        "type": "if",
        "locations": [
          {
            "start": { "line": 13, "column": 4 },
            "end": { "line": 15, "column": 5 }
          },
          { "start": {}, "end": {} }
        ],
        "line": 13
      },
      "1": {
        "loc": {
          "start": { "line": 25, "column": 4 },
          "end": { "line": 32, "column": 5 }
        },
        "type": "if",
        "locations": [
          {
            "start": { "line": 25, "column": 4 },
            "end": { "line": 32, "column": 5 }
          },
          { "start": {}, "end": {} }
        ],
        "line": 25
      }
    },
    "s": {
      "0": 0,
      "1": 0,
      "2": 0,
      "3": 0,
      "4": 0,
      "5": 0,
      "6": 0,
      "7": 0,
      "8": 0
    },
    "f": { "0": 0, "1": 0, "2": 0 },
    "b": { "0": [0, 0], "1": [0, 0] },
    "_coverageSchema": "1a1c01bbd47fc00a2c39e90264f33305004495a9",
    "hash": "50f361e8e98756ee7cbd3f1ca2e44713b53ca31d"
  },
  "/home/erichong/ygo-card-time/libs/mongo-server/src/dataAccess/modelSchemas.ts": {
    "path": "/home/erichong/ygo-card-time/libs/mongo-server/src/dataAccess/modelSchemas.ts",
    "statementMap": {
      "0": {
        "start": { "line": 4, "column": 41 },
        "end": { "line": 8, "column": 1 }
      }
    },
    "fnMap": {},
    "branchMap": {},
    "s": { "0": 1 },
    "f": {},
    "b": {},
    "_coverageSchema": "1a1c01bbd47fc00a2c39e90264f33305004495a9",
    "hash": "2bf9949d53bb81732bc44284e13ac4624b05f92a"
  },
  "/home/erichong/ygo-card-time/libs/mongo-server/src/schemas/cards-data.mongo.ts": {
    "path": "/home/erichong/ygo-card-time/libs/mongo-server/src/schemas/cards-data.mongo.ts",
    "statementMap": {
      "0": {
        "start": { "line": 3, "column": 32 },
        "end": { "line": 66, "column": 1 }
      }
    },
    "fnMap": {},
    "branchMap": {},
    "s": { "0": 1 },
    "f": {},
    "b": {},
    "_coverageSchema": "1a1c01bbd47fc00a2c39e90264f33305004495a9",
    "hash": "8334824449a2d95b45b8cdeca77871a747524007"
  },
  "/home/erichong/ygo-card-time/libs/mongo-server/src/schemas/index.ts": {
    "path": "/home/erichong/ygo-card-time/libs/mongo-server/src/schemas/index.ts",
    "statementMap": {},
    "fnMap": {},
    "branchMap": {},
    "s": {},
    "f": {},
    "b": {},
    "_coverageSchema": "1a1c01bbd47fc00a2c39e90264f33305004495a9",
    "hash": "aafaaa3f57a892ee59c0eb8f7cfa04463d5ebea3"
  }
}
