{
  "/home/erichong/ygo-card-time/libs/mongo-server/src/schemas/cards-data.mongo.ts": {
    "path": "/home/erichong/ygo-card-time/libs/mongo-server/src/schemas/cards-data.mongo.ts",
    "statementMap": {
      "0": {
        "start": { "line": 3, "column": 32 },
        "end": { "line": 66, "column": 1 }
      }
    },
    "fnMap": {},
    "branchMap": {},
    "s": { "0": 1 },
    "f": {},
    "b": {},
    "_coverageSchema": "1a1c01bbd47fc00a2c39e90264f33305004495a9",
    "hash": "8334824449a2d95b45b8cdeca77871a747524007"
  }
}
