TN:
SF:src/dataAccess/daService.ts
FN:16,(anonymous_0)
FN:21,(anonymous_1)
FN:33,(anonymous_2)
FN:47,(anonymous_3)
FNF:4
FNH:4
FNDA:4,(anonymous_0)
FNDA:3,(anonymous_1)
FNDA:2,(anonymous_2)
FNDA:2,(anonymous_3)
DA:14,4
DA:17,4
DA:18,4
DA:22,3
DA:23,3
DA:24,3
DA:25,2
DA:26,2
DA:28,1
DA:29,1
DA:34,2
DA:35,2
DA:53,2
DA:54,2
DA:55,2
LF:15
LH:15
BRDA:34,0,0,2
BRDA:34,0,1,0
BRDA:49,1,0,1
BRDA:50,2,0,1
BRDA:51,3,0,1
BRF:5
BRH:4
end_of_record
TN:
SF:src/dataAccess/modelRegistry.ts
FN:10,(anonymous_0)
FN:12,(anonymous_1)
FN:24,(anonymous_2)
FNF:3
FNH:3
FNDA:4,(anonymous_0)
FNDA:5,(anonymous_1)
FNDA:7,(anonymous_2)
DA:7,4
DA:8,4
DA:13,5
DA:14,4
DA:16,5
DA:25,7
DA:26,4
DA:27,4
DA:33,7
LF:9
LH:9
BRDA:13,0,0,4
BRDA:13,0,1,1
BRDA:25,1,0,4
BRDA:25,1,1,3
BRF:4
BRH:4
end_of_record
TN:
SF:src/dataAccess/modelSchemas.ts
FNF:0
FNH:0
DA:4,1
LF:1
LH:1
BRF:0
BRH:0
end_of_record
TN:
SF:src/schemas/cards-data.mongo.ts
FNF:0
FNH:0
DA:3,1
LF:1
LH:1
BRF:0
BRH:0
end_of_record
TN:
SF:src/schemas/index.ts
FNF:0
FNH:0
LF:0
LH:0
BRF:0
BRH:0
end_of_record
