TN:
SF:src/dataAccess/daService.ts
FN:17,(anonymous_0)
FN:22,(anonymous_1)
FN:34,(anonymous_2)
FN:48,(anonymous_3)
FN:67,(anonymous_4)
FNF:5
FNH:5
FNDA:7,(anonymous_0)
FNDA:5,(anonymous_1)
FNDA:5,(anonymous_2)
FNDA:2,(anonymous_3)
FNDA:3,(anonymous_4)
DA:15,7
DA:18,7
DA:19,7
DA:23,5
DA:24,5
DA:25,5
DA:26,4
DA:27,4
DA:29,1
DA:30,1
DA:35,5
DA:36,5
DA:54,2
DA:55,2
DA:56,2
DA:73,3
DA:74,3
DA:75,3
LF:18
LH:18
BRDA:35,0,0,5
BRDA:35,0,1,0
BRDA:50,1,0,1
BRDA:51,2,0,1
BRDA:52,3,0,1
BRDA:71,4,0,1
BRF:6
BRH:5
end_of_record
TN:
SF:src/dataAccess/modelRegistry.ts
FN:10,(anonymous_0)
FN:12,(anonymous_1)
FN:24,(anonymous_2)
FNF:3
FNH:0
FNDA:0,(anonymous_0)
FNDA:0,(anonymous_1)
FNDA:0,(anonymous_2)
DA:7,0
DA:8,0
DA:13,0
DA:14,0
DA:16,0
DA:25,0
DA:26,0
DA:27,0
DA:33,0
LF:9
LH:0
BRDA:13,0,0,0
BRDA:13,0,1,0
BRDA:25,1,0,0
BRDA:25,1,1,0
BRF:4
BRH:0
end_of_record
TN:
SF:src/dataAccess/modelSchemas.ts
FNF:0
FNH:0
DA:4,1
LF:1
LH:1
BRF:0
BRH:0
end_of_record
TN:
SF:src/schemas/cards-data.mongo.ts
FNF:0
FNH:0
DA:3,1
LF:1
LH:1
BRF:0
BRH:0
end_of_record
TN:
SF:src/schemas/index.ts
FNF:0
FNH:0
LF:0
LH:0
BRF:0
BRH:0
end_of_record
