{
  "/home/erichong/ygo-card-time/libs/mailer/src/service/mailer.ts": {
    "path": "/home/erichong/ygo-card-time/libs/mailer/src/service/mailer.ts",
    "statementMap": {
      "0": {
        "start": { "line": 7, "column": 4 },
        "end": { "line": 7, "column": 16 }
      },
      "1": {
        "start": { "line": 11, "column": 4 },
        "end": { "line": 19, "column": 7 }
      },
      "2": {
        "start": { "line": 23, "column": 4 },
        "end": { "line": 31, "column": 7 }
      },
      "3": {
        "start": { "line": 35, "column": 4 },
        "end": { "line": 35, "column": 40 }
      },
      "4": {
        "start": { "line": 35, "column": 27 },
        "end": { "line": 35, "column": 40 }
      },
      "5": {
        "start": { "line": 36, "column": 4 },
        "end": { "line": 42, "column": 5 }
      },
      "6": {
        "start": { "line": 37, "column": 6 },
        "end": { "line": 37, "column": 47 }
      },
      "7": {
        "start": { "line": 38, "column": 6 },
        "end": { "line": 38, "column": 18 }
      },
      "8": {
        "start": { "line": 40, "column": 6 },
        "end": { "line": 40, "column": 52 }
      },
      "9": {
        "start": { "line": 41, "column": 6 },
        "end": { "line": 41, "column": 18 }
      }
    },
    "fnMap": {
      "0": {
        "name": "(anonymous_0)",
        "decl": {
          "start": { "line": 6, "column": 2 },
          "end": { "line": 6, "column": 3 }
        },
        "loc": {
          "start": { "line": 6, "column": 16 },
          "end": { "line": 8, "column": 3 }
        },
        "line": 6
      },
      "1": {
        "name": "(anonymous_1)",
        "decl": {
          "start": { "line": 10, "column": 2 },
          "end": { "line": 10, "column": 3 }
        },
        "loc": {
          "start": { "line": 10, "column": 17 },
          "end": { "line": 20, "column": 3 }
        },
        "line": 10
      },
      "2": {
        "name": "(anonymous_2)",
        "decl": {
          "start": { "line": 22, "column": 2 },
          "end": { "line": 22, "column": 3 }
        },
        "loc": {
          "start": { "line": 22, "column": 49 },
          "end": { "line": 32, "column": 3 }
        },
        "line": 22
      },
      "3": {
        "name": "(anonymous_3)",
        "decl": {
          "start": { "line": 34, "column": 2 },
          "end": { "line": 34, "column": 3 }
        },
        "loc": {
          "start": { "line": 34, "column": 50 },
          "end": { "line": 43, "column": 3 }
        },
        "line": 34
      }
    },
    "branchMap": {
      "0": {
        "loc": {
          "start": { "line": 35, "column": 4 },
          "end": { "line": 35, "column": 40 }
        },
        "type": "if",
        "locations": [
          {
            "start": { "line": 35, "column": 4 },
            "end": { "line": 35, "column": 40 }
          },
          { "start": {}, "end": {} }
        ],
        "line": 35
      }
    },
    "s": {
      "0": 3,
      "1": 3,
      "2": 1,
      "3": 2,
      "4": 0,
      "5": 2,
      "6": 2,
      "7": 1,
      "8": 1,
      "9": 1
    },
    "f": { "0": 3, "1": 3, "2": 1, "3": 2 },
    "b": { "0": [0, 2] },
    "_coverageSchema": "1a1c01bbd47fc00a2c39e90264f33305004495a9",
    "hash": "e3ab97f1aa0d55ec350bca3774ee9a7639318312"
  }
}
