{
  "/home/erichong/ygo-card-time/libs/crawler/src/services/cheerioService.ts": {
    "path": "/home/erichong/ygo-card-time/libs/crawler/src/services/cheerioService.ts",
    "statementMap": {
      "0": {
        "start": { "line": 13, "column": 4 },
        "end": { "line": 13, "column": 27 }
      },
      "1": {
        "start": { "line": 21, "column": 4 },
        "end": { "line": 21, "column": 23 }
      },
      "2": {
        "start": { "line": 34, "column": 20 },
        "end": { "line": 34, "column": 41 }
      },
      "3": {
        "start": { "line": 35, "column": 17 },
        "end": { "line": 35, "column": 56 }
      },
      "4": {
        "start": { "line": 36, "column": 4 },
        "end": { "line": 36, "column": 32 }
      },
      "5": {
        "start": { "line": 50, "column": 4 },
        "end": { "line": 60, "column": 5 }
      },
      "6": {
        "start": { "line": 51, "column": 23 },
        "end": { "line": 51, "column": 76 }
      },
      "7": {
        "start": { "line": 52, "column": 29 },
        "end": { "line": 52, "column": 79 }
      },
      "8": {
        "start": { "line": 53, "column": 6 },
        "end": { "line": 53, "column": 28 }
      },
      "9": {
        "start": { "line": 55, "column": 6 },
        "end": { "line": 59, "column": 7 }
      },
      "10": {
        "start": { "line": 56, "column": 8 },
        "end": { "line": 56, "column": 65 }
      },
      "11": {
        "start": { "line": 58, "column": 8 },
        "end": { "line": 58, "column": 47 }
      },
      "12": {
        "start": { "line": 69, "column": 4 },
        "end": { "line": 69, "column": 36 }
      },
      "13": {
        "start": { "line": 78, "column": 4 },
        "end": { "line": 78, "column": 30 }
      }
    },
    "fnMap": {
      "0": {
        "name": "(anonymous_0)",
        "decl": {
          "start": { "line": 12, "column": 2 },
          "end": { "line": 12, "column": 3 }
        },
        "loc": {
          "start": { "line": 12, "column": 38 },
          "end": { "line": 14, "column": 3 }
        },
        "line": 12
      },
      "1": {
        "name": "(anonymous_1)",
        "decl": {
          "start": { "line": 20, "column": 2 },
          "end": { "line": 20, "column": 3 }
        },
        "loc": {
          "start": { "line": 20, "column": 39 },
          "end": { "line": 22, "column": 3 }
        },
        "line": 20
      },
      "2": {
        "name": "(anonymous_2)",
        "decl": {
          "start": { "line": 30, "column": 2 },
          "end": { "line": 30, "column": 3 }
        },
        "loc": {
          "start": { "line": 33, "column": 27 },
          "end": { "line": 37, "column": 3 }
        },
        "line": 33
      },
      "3": {
        "name": "(anonymous_3)",
        "decl": {
          "start": { "line": 46, "column": 2 },
          "end": { "line": 46, "column": 3 }
        },
        "loc": {
          "start": { "line": 49, "column": 21 },
          "end": { "line": 61, "column": 3 }
        },
        "line": 49
      },
      "4": {
        "name": "(anonymous_4)",
        "decl": {
          "start": { "line": 68, "column": 2 },
          "end": { "line": 68, "column": 3 }
        },
        "loc": {
          "start": { "line": 68, "column": 43 },
          "end": { "line": 70, "column": 3 }
        },
        "line": 68
      },
      "5": {
        "name": "(anonymous_5)",
        "decl": {
          "start": { "line": 77, "column": 2 },
          "end": { "line": 77, "column": 3 }
        },
        "loc": {
          "start": { "line": 77, "column": 48 },
          "end": { "line": 79, "column": 3 }
        },
        "line": 77
      }
    },
    "branchMap": {
      "0": {
        "loc": {
          "start": { "line": 32, "column": 4 },
          "end": { "line": 32, "column": 30 }
        },
        "type": "default-arg",
        "locations": [
          {
            "start": { "line": 32, "column": 23 },
            "end": { "line": 32, "column": 30 }
          }
        ],
        "line": 32
      },
      "1": {
        "loc": {
          "start": { "line": 48, "column": 4 },
          "end": { "line": 48, "column": 30 }
        },
        "type": "default-arg",
        "locations": [
          {
            "start": { "line": 48, "column": 23 },
            "end": { "line": 48, "column": 30 }
          }
        ],
        "line": 48
      },
      "2": {
        "loc": {
          "start": { "line": 55, "column": 6 },
          "end": { "line": 59, "column": 7 }
        },
        "type": "if",
        "locations": [
          {
            "start": { "line": 55, "column": 6 },
            "end": { "line": 59, "column": 7 }
          },
          {
            "start": { "line": 57, "column": 13 },
            "end": { "line": 59, "column": 7 }
          }
        ],
        "line": 55
      }
    },
    "s": {
      "0": 7,
      "1": 1,
      "2": 1,
      "3": 1,
      "4": 1,
      "5": 2,
      "6": 2,
      "7": 1,
      "8": 1,
      "9": 1,
      "10": 1,
      "11": 0,
      "12": 2,
      "13": 1
    },
    "f": { "0": 7, "1": 1, "2": 1, "3": 2, "4": 2, "5": 1 },
    "b": { "0": [1], "1": [2], "2": [1, 0] },
    "_coverageSchema": "1a1c01bbd47fc00a2c39e90264f33305004495a9",
    "hash": "3cc333d3910ea6b827e9cfa0840d6a00e15d2844"
  }
}
