TN:
SF:src/services/cheerioService.ts
FN:12,(anonymous_0)
FN:20,(anonymous_1)
FN:30,(anonymous_2)
FN:46,(anonymous_3)
FN:68,(anonymous_4)
FN:77,(anonymous_5)
FNF:6
FNH:6
FNDA:7,(anonymous_0)
FNDA:1,(anonymous_1)
FNDA:1,(anonymous_2)
FNDA:2,(anonymous_3)
FNDA:2,(anonymous_4)
FNDA:1,(anonymous_5)
DA:13,7
DA:21,1
DA:34,1
DA:35,1
DA:36,1
DA:50,2
DA:51,2
DA:52,1
DA:53,1
DA:55,1
DA:56,1
DA:58,0
DA:69,2
DA:78,1
LF:14
LH:13
BRDA:32,0,0,1
BRDA:48,1,0,2
BRDA:55,2,0,1
BRDA:55,2,1,0
BRF:4
BRH:3
end_of_record
