<?xml version="1.0" encoding="UTF-8"?>
<coverage generated="1715872329844" clover="3.2.0">
  <project timestamp="1715872329844" name="All files">
    <metrics statements="21" coveredstatements="19" conditionals="2" coveredconditionals="1" methods="4" coveredmethods="4" elements="27" coveredelements="24" complexity="0" loc="21" ncloc="21" packages="1" files="1" classes="1"/>
    <file name="drive.ts" path="/home/erichong/ygo-card-time/libs/google-apis/src/service/driveService/drive.ts">
      <metrics statements="21" coveredstatements="19" conditionals="2" coveredconditionals="1" methods="4" coveredmethods="4"/>
      <line num="9" count="2" type="stmt"/>
      <line num="16" count="2" type="stmt"/>
      <line num="17" count="2" type="stmt"/>
      <line num="18" count="2" type="stmt"/>
      <line num="19" count="2" type="stmt"/>
      <line num="20" count="2" type="stmt"/>
      <line num="22" count="2" type="stmt"/>
      <line num="27" count="2" type="stmt"/>
      <line num="28" count="2" type="stmt"/>
      <line num="30" count="0" type="stmt"/>
      <line num="31" count="0" type="stmt"/>
      <line num="36" count="2" type="cond" truecount="1" falsecount="1"/>
      <line num="37" count="2" type="stmt"/>
      <line num="39" count="2" type="stmt"/>
      <line num="47" count="2" type="stmt"/>
      <line num="48" count="2" type="stmt"/>
      <line num="53" count="2" type="stmt"/>
      <line num="57" count="2" type="stmt"/>
      <line num="62" count="1" type="stmt"/>
      <line num="64" count="1" type="stmt"/>
      <line num="65" count="1" type="stmt"/>
    </file>
  </project>
</coverage>
