{
  "/home/erichong/ygo-card-time/libs/google-apis/src/service/driveService/drive.ts": {
    "path": "/home/erichong/ygo-card-time/libs/google-apis/src/service/driveService/drive.ts",
    "statementMap": {
      "0": {
        "start": { "line": 9, "column": 4 },
        "end": { "line": 12, "column": 7 }
      },
      "1": {
        "start": { "line": 16, "column": 4 },
        "end": { "line": 32, "column": 5 }
      },
      "2": {
        "start": { "line": 17, "column": 24 },
        "end": { "line": 17, "column": 45 }
      },
      "3": {
        "start": { "line": 18, "column": 28 },
        "end": { "line": 18, "column": 53 }
      },
      "4": {
        "start": { "line": 19, "column": 27 },
        "end": { "line": 19, "column": 51 }
      },
      "5": {
        "start": { "line": 20, "column": 28 },
        "end": { "line": 20, "column": 53 }
      },
      "6": {
        "start": { "line": 22, "column": 27 },
        "end": { "line": 26, "column": 7 }
      },
      "7": {
        "start": { "line": 27, "column": 6 },
        "end": { "line": 27, "column": 68 }
      },
      "8": {
        "start": { "line": 28, "column": 6 },
        "end": { "line": 28, "column": 26 }
      },
      "9": {
        "start": { "line": 30, "column": 6 },
        "end": { "line": 30, "column": 64 }
      },
      "10": {
        "start": { "line": 31, "column": 6 },
        "end": { "line": 31, "column": 59 }
      },
      "11": {
        "start": { "line": 36, "column": 4 },
        "end": { "line": 38, "column": 5 }
      },
      "12": {
        "start": { "line": 37, "column": 6 },
        "end": { "line": 37, "column": 38 }
      },
      "13": {
        "start": { "line": 39, "column": 4 },
        "end": { "line": 39, "column": 29 }
      },
      "14": {
        "start": { "line": 47, "column": 4 },
        "end": { "line": 66, "column": 5 }
      },
      "15": {
        "start": { "line": 48, "column": 27 },
        "end": { "line": 52, "column": 7 }
      },
      "16": {
        "start": { "line": 53, "column": 20 },
        "end": { "line": 56, "column": 7 }
      },
      "17": {
        "start": { "line": 57, "column": 23 },
        "end": { "line": 61, "column": 8 }
      },
      "18": {
        "start": { "line": 62, "column": 6 },
        "end": { "line": 62, "column": 27 }
      },
      "19": {
        "start": { "line": 64, "column": 6 },
        "end": { "line": 64, "column": 52 }
      },
      "20": {
        "start": { "line": 65, "column": 6 },
        "end": { "line": 65, "column": 47 }
      }
    },
    "fnMap": {
      "0": {
        "name": "(anonymous_0)",
        "decl": {
          "start": { "line": 8, "column": 2 },
          "end": { "line": 8, "column": 3 }
        },
        "loc": {
          "start": { "line": 8, "column": 16 },
          "end": { "line": 13, "column": 3 }
        },
        "line": 8
      },
      "1": {
        "name": "(anonymous_1)",
        "decl": {
          "start": { "line": 15, "column": 2 },
          "end": { "line": 15, "column": 3 }
        },
        "loc": {
          "start": { "line": 15, "column": 31 },
          "end": { "line": 33, "column": 3 }
        },
        "line": 15
      },
      "2": {
        "name": "(anonymous_2)",
        "decl": {
          "start": { "line": 35, "column": 2 },
          "end": { "line": 35, "column": 3 }
        },
        "loc": {
          "start": { "line": 35, "column": 41 },
          "end": { "line": 40, "column": 3 }
        },
        "line": 35
      },
      "3": {
        "name": "(anonymous_3)",
        "decl": {
          "start": { "line": 42, "column": 2 },
          "end": { "line": 42, "column": 3 }
        },
        "loc": {
          "start": { "line": 46, "column": 4 },
          "end": { "line": 67, "column": 3 }
        },
        "line": 46
      }
    },
    "branchMap": {
      "0": {
        "loc": {
          "start": { "line": 36, "column": 4 },
          "end": { "line": 38, "column": 5 }
        },
        "type": "if",
        "locations": [
          {
            "start": { "line": 36, "column": 4 },
            "end": { "line": 38, "column": 5 }
          },
          { "start": {}, "end": {} }
        ],
        "line": 36
      }
    },
    "s": {
      "0": 2,
      "1": 2,
      "2": 2,
      "3": 2,
      "4": 2,
      "5": 2,
      "6": 2,
      "7": 2,
      "8": 2,
      "9": 0,
      "10": 0,
      "11": 2,
      "12": 2,
      "13": 2,
      "14": 2,
      "15": 2,
      "16": 2,
      "17": 2,
      "18": 1,
      "19": 1,
      "20": 1
    },
    "f": { "0": 2, "1": 2, "2": 2, "3": 2 },
    "b": { "0": [2, 0] },
    "_coverageSchema": "1a1c01bbd47fc00a2c39e90264f33305004495a9",
    "hash": "9a686e5486fc4569f2b6b3b89379ae5ffd60337c"
  }
}
