<?xml version="1.0" encoding="UTF-8"?>
<coverage generated="1716097297610" clover="3.2.0">
  <project timestamp="1716097297610" name="All files">
    <metrics statements="134" coveredstatements="129" conditionals="57" coveredconditionals="48" methods="36" coveredmethods="35" elements="227" coveredelements="212" complexity="0" loc="134" ncloc="134" packages="2" files="4" classes="4"/>
    <package name="cronJobs">
      <metrics statements="109" coveredstatements="105" conditionals="51" coveredconditionals="43" methods="25" coveredmethods="24"/>
      <file name="rutenPrice.ts" path="/home/erichong/ygo-card-time/apps/yu-sei/src/cronJobs/rutenPrice.ts">
        <metrics statements="109" coveredstatements="105" conditionals="51" coveredconditionals="43" methods="25" coveredmethods="24"/>
        <line num="28" count="38" type="stmt"/>
        <line num="40" count="38" type="stmt"/>
        <line num="41" count="38" type="stmt"/>
        <line num="42" count="38" type="stmt"/>
        <line num="43" count="38" type="stmt"/>
        <line num="50" count="0" type="stmt"/>
        <line num="51" count="0" type="cond" truecount="0" falsecount="2"/>
        <line num="67" count="38" type="stmt"/>
        <line num="71" count="3" type="stmt"/>
        <line num="72" count="3" type="stmt"/>
        <line num="84" count="3" type="stmt"/>
        <line num="85" count="3" type="stmt"/>
        <line num="87" count="3" type="stmt"/>
        <line num="88" count="4" type="cond" truecount="1" falsecount="1"/>
        <line num="89" count="4" type="stmt"/>
        <line num="90" count="6" type="cond" truecount="1" falsecount="1"/>
        <line num="91" count="4" type="stmt"/>
        <line num="93" count="4" type="stmt"/>
        <line num="97" count="4" type="stmt"/>
        <line num="99" count="4" type="stmt"/>
        <line num="100" count="6" type="stmt"/>
        <line num="101" count="6" type="stmt"/>
        <line num="108" count="6" type="cond" truecount="2" falsecount="0"/>
        <line num="109" count="1" type="stmt"/>
        <line num="112" count="4" type="stmt"/>
        <line num="114" count="4" type="stmt"/>
        <line num="116" count="4" type="cond" truecount="2" falsecount="0"/>
        <line num="117" count="1" type="stmt"/>
        <line num="126" count="1" type="stmt"/>
        <line num="129" count="4" type="stmt"/>
        <line num="130" count="4" type="stmt"/>
        <line num="136" count="1" type="stmt"/>
        <line num="146" count="1" type="stmt"/>
        <line num="149" count="4" type="stmt"/>
        <line num="151" count="5" type="stmt"/>
        <line num="154" count="4" type="stmt"/>
        <line num="165" count="3" type="stmt"/>
        <line num="178" count="5" type="stmt"/>
        <line num="180" count="5" type="stmt"/>
        <line num="181" count="10" type="cond" truecount="3" falsecount="0"/>
        <line num="183" count="5" type="stmt"/>
        <line num="185" count="5" type="cond" truecount="2" falsecount="0"/>
        <line num="186" count="4" type="stmt"/>
        <line num="189" count="5" type="cond" truecount="2" falsecount="0"/>
        <line num="190" count="4" type="stmt"/>
        <line num="193" count="5" type="cond" truecount="2" falsecount="0"/>
        <line num="210" count="3" type="stmt"/>
        <line num="215" count="3" type="stmt"/>
        <line num="217" count="3" type="stmt"/>
        <line num="219" count="3" type="stmt"/>
        <line num="221" count="2" type="stmt"/>
        <line num="223" count="3" type="cond" truecount="2" falsecount="0"/>
        <line num="224" count="1" type="stmt"/>
        <line num="225" count="1" type="stmt"/>
        <line num="232" count="2" type="stmt"/>
        <line num="236" count="2" type="stmt"/>
        <line num="237" count="2" type="stmt"/>
        <line num="238" count="2" type="stmt"/>
        <line num="240" count="1" type="stmt"/>
        <line num="241" count="1" type="stmt"/>
        <line num="248" count="1" type="stmt"/>
        <line num="255" count="1" type="cond" truecount="1" falsecount="1"/>
        <line num="256" count="0" type="stmt"/>
        <line num="257" count="0" type="stmt"/>
        <line num="265" count="1" type="stmt"/>
        <line num="267" count="1" type="stmt"/>
        <line num="289" count="5" type="stmt"/>
        <line num="290" count="13" type="stmt"/>
        <line num="291" count="5" type="stmt"/>
        <line num="292" count="12" type="stmt"/>
        <line num="293" count="5" type="stmt"/>
        <line num="294" count="11" type="stmt"/>
        <line num="295" count="5" type="stmt"/>
        <line num="296" count="9" type="stmt"/>
        <line num="299" count="5" type="stmt"/>
        <line num="300" count="9" type="stmt"/>
        <line num="301" count="5" type="stmt"/>
        <line num="302" count="9" type="stmt"/>
        <line num="303" count="5" type="stmt"/>
        <line num="304" count="9" type="stmt"/>
        <line num="305" count="9" type="stmt"/>
        <line num="307" count="5" type="stmt"/>
        <line num="308" count="9" type="cond" truecount="4" falsecount="0"/>
        <line num="313" count="5" type="stmt"/>
        <line num="320" count="9" type="cond" truecount="1" falsecount="1"/>
        <line num="325" count="5" type="cond" truecount="1" falsecount="1"/>
        <line num="326" count="5" type="stmt"/>
        <line num="327" count="9" type="stmt"/>
        <line num="331" count="5" type="stmt"/>
        <line num="333" count="9" type="stmt"/>
        <line num="336" count="5" type="stmt"/>
        <line num="346" count="22" type="cond" truecount="4" falsecount="0"/>
        <line num="348" count="21" type="stmt"/>
        <line num="362" count="21" type="stmt"/>
        <line num="370" count="21" type="cond" truecount="2" falsecount="0"/>
        <line num="371" count="7" type="stmt"/>
        <line num="374" count="14" type="stmt"/>
        <line num="375" count="60" type="cond" truecount="2" falsecount="0"/>
        <line num="376" count="5" type="stmt"/>
        <line num="380" count="9" type="stmt"/>
        <line num="381" count="9" type="stmt"/>
        <line num="382" count="21" type="cond" truecount="2" falsecount="0"/>
        <line num="383" count="5" type="stmt"/>
        <line num="384" count="5" type="cond" truecount="2" falsecount="0"/>
        <line num="390" count="4" type="stmt"/>
        <line num="400" count="3" type="cond" truecount="4" falsecount="0"/>
        <line num="402" count="3" type="cond" truecount="2" falsecount="0"/>
        <line num="405" count="3" type="stmt"/>
        <line num="407" count="3" type="stmt"/>
      </file>
    </package>
    <package name="utils">
      <metrics statements="25" coveredstatements="24" conditionals="6" coveredconditionals="5" methods="11" coveredmethods="11"/>
      <file name="common.ts" path="/home/erichong/ygo-card-time/apps/yu-sei/src/utils/common.ts">
        <metrics statements="3" coveredstatements="3" conditionals="0" coveredconditionals="0" methods="2" coveredmethods="2"/>
        <line num="1" count="4" type="stmt"/>
        <line num="2" count="10" type="stmt"/>
        <line num="3" count="10" type="stmt"/>
      </file>
      <file name="index.ts" path="/home/erichong/ygo-card-time/apps/yu-sei/src/utils/index.ts">
        <metrics statements="0" coveredstatements="0" conditionals="0" coveredconditionals="0" methods="0" coveredmethods="0"/>
      </file>
      <file name="priceCalculator.ts" path="/home/erichong/ygo-card-time/apps/yu-sei/src/utils/priceCalculator.ts">
        <metrics statements="22" coveredstatements="21" conditionals="6" coveredconditionals="5" methods="9" coveredmethods="9"/>
        <line num="1" count="2" type="stmt"/>
        <line num="6" count="14" type="cond" truecount="2" falsecount="0"/>
        <line num="7" count="4" type="stmt"/>
        <line num="8" count="4" type="stmt"/>
        <line num="11" count="34" type="stmt"/>
        <line num="13" count="10" type="stmt"/>
        <line num="16" count="10" type="cond" truecount="1" falsecount="1"/>
        <line num="17" count="0" type="stmt"/>
        <line num="19" count="10" type="stmt"/>
        <line num="21" count="10" type="stmt"/>
        <line num="23" count="10" type="stmt"/>
        <line num="24" count="18" type="stmt"/>
        <line num="28" count="10" type="stmt"/>
        <line num="32" count="10" type="stmt"/>
        <line num="33" count="10" type="stmt"/>
        <line num="34" count="10" type="stmt"/>
        <line num="36" count="48" type="stmt"/>
        <line num="40" count="126" type="stmt"/>
        <line num="41" count="24" type="stmt"/>
        <line num="42" count="24" type="cond" truecount="2" falsecount="0"/>
        <line num="48" count="58" type="stmt"/>
        <line num="49" count="12" type="stmt"/>
      </file>
    </package>
  </project>
</coverage>
