{
  "/home/erichong/ygo-card-time/apps/yu-sei/src/cronJobs/rutenPrice.ts": {
    "path": "/home/erichong/ygo-card-time/apps/yu-sei/src/cronJobs/rutenPrice.ts",
    "statementMap": {
      "0": {
        "start": { "line": 28, "column": 26 },
        "end": { "line": 33, "column": 3 }
      },
      "1": {
        "start": { "line": 40, "column": 4 },
        "end": { "line": 40, "column": 47 }
      },
      "2": {
        "start": { "line": 41, "column": 4 },
        "end": { "line": 41, "column": 43 }
      },
      "3": {
        "start": { "line": 42, "column": 4 },
        "end": { "line": 42, "column": 32 }
      },
      "4": {
        "start": { "line": 43, "column": 4 },
        "end": { "line": 66, "column": 9 }
      },
      "5": {
        "start": { "line": 50, "column": 28 },
        "end": { "line": 50, "column": 80 }
      },
      "6": {
        "start": { "line": 51, "column": 12 },
        "end": { "line": 51, "column": 79 }
      },
      "7": {
        "start": { "line": 67, "column": 4 },
        "end": { "line": 67, "column": 45 }
      },
      "8": {
        "start": { "line": 71, "column": 4 },
        "end": { "line": 71, "column": 56 }
      },
      "9": {
        "start": { "line": 72, "column": 22 },
        "end": { "line": 82, "column": 5 }
      },
      "10": {
        "start": { "line": 84, "column": 4 },
        "end": { "line": 108, "column": 5 }
      },
      "11": {
        "start": { "line": 85, "column": 6 },
        "end": { "line": 85, "column": 33 }
      },
      "12": {
        "start": { "line": 85, "column": 24 },
        "end": { "line": 85, "column": 33 }
      },
      "13": {
        "start": { "line": 86, "column": 37 },
        "end": { "line": 86, "column": 76 }
      },
      "14": {
        "start": { "line": 87, "column": 6 },
        "end": { "line": 87, "column": 51 }
      },
      "15": {
        "start": { "line": 87, "column": 28 },
        "end": { "line": 87, "column": 39 }
      },
      "16": {
        "start": { "line": 87, "column": 42 },
        "end": { "line": 87, "column": 51 }
      },
      "17": {
        "start": { "line": 88, "column": 22 },
        "end": { "line": 88, "column": 37 }
      },
      "18": {
        "start": { "line": 90, "column": 6 },
        "end": { "line": 92, "column": 9 }
      },
      "19": {
        "start": { "line": 94, "column": 41 },
        "end": { "line": 94, "column": 43 }
      },
      "20": {
        "start": { "line": 96, "column": 6 },
        "end": { "line": 107, "column": 7 }
      },
      "21": {
        "start": { "line": 97, "column": 8 },
        "end": { "line": 97, "column": 25 }
      },
      "22": {
        "start": { "line": 98, "column": 26 },
        "end": { "line": 103, "column": 9 }
      },
      "23": {
        "start": { "line": 105, "column": 8 },
        "end": { "line": 106, "column": 78 }
      },
      "24": {
        "start": { "line": 105, "column": 47 },
        "end": { "line": 105, "column": 77 }
      },
      "25": {
        "start": { "line": 106, "column": 13 },
        "end": { "line": 106, "column": 78 }
      },
      "26": {
        "start": { "line": 118, "column": 40 },
        "end": { "line": 118, "column": 49 }
      },
      "27": {
        "start": { "line": 120, "column": 27 },
        "end": { "line": 121, "column": 62 }
      },
      "28": {
        "start": { "line": 121, "column": 6 },
        "end": { "line": 121, "column": 62 }
      },
      "29": {
        "start": { "line": 123, "column": 34 },
        "end": { "line": 123, "column": 36 }
      },
      "30": {
        "start": { "line": 125, "column": 4 },
        "end": { "line": 127, "column": 5 }
      },
      "31": {
        "start": { "line": 126, "column": 6 },
        "end": { "line": 126, "column": 39 }
      },
      "32": {
        "start": { "line": 129, "column": 4 },
        "end": { "line": 131, "column": 5 }
      },
      "33": {
        "start": { "line": 130, "column": 6 },
        "end": { "line": 130, "column": 36 }
      },
      "34": {
        "start": { "line": 133, "column": 4 },
        "end": { "line": 133, "column": 55 }
      },
      "35": {
        "start": { "line": 150, "column": 18 },
        "end": { "line": 154, "column": 5 }
      },
      "36": {
        "start": { "line": 155, "column": 21 },
        "end": { "line": 155, "column": 63 }
      },
      "37": {
        "start": { "line": 157, "column": 20 },
        "end": { "line": 157, "column": 153 }
      },
      "38": {
        "start": { "line": 159, "column": 20 },
        "end": { "line": 161, "column": 27 }
      },
      "39": {
        "start": { "line": 161, "column": 21 },
        "end": { "line": 161, "column": 26 }
      },
      "40": {
        "start": { "line": 163, "column": 4 },
        "end": { "line": 170, "column": 5 }
      },
      "41": {
        "start": { "line": 164, "column": 6 },
        "end": { "line": 164, "column": 53 }
      },
      "42": {
        "start": { "line": 165, "column": 6 },
        "end": { "line": 169, "column": 8 }
      },
      "43": {
        "start": { "line": 172, "column": 4 },
        "end": { "line": 174, "column": 8 }
      },
      "44": {
        "start": { "line": 176, "column": 45 },
        "end": { "line": 176, "column": 47 }
      },
      "45": {
        "start": { "line": 177, "column": 4 },
        "end": { "line": 186, "column": 5 }
      },
      "46": {
        "start": { "line": 178, "column": 6 },
        "end": { "line": 178, "column": 49 }
      },
      "47": {
        "start": { "line": 180, "column": 6 },
        "end": { "line": 180, "column": 72 }
      },
      "48": {
        "start": { "line": 181, "column": 6 },
        "end": { "line": 185, "column": 8 }
      },
      "49": {
        "start": { "line": 188, "column": 22 },
        "end": { "line": 193, "column": 5 }
      },
      "50": {
        "start": { "line": 195, "column": 4 },
        "end": { "line": 202, "column": 5 }
      },
      "51": {
        "start": { "line": 196, "column": 6 },
        "end": { "line": 196, "column": 51 }
      },
      "52": {
        "start": { "line": 197, "column": 6 },
        "end": { "line": 201, "column": 8 }
      },
      "53": {
        "start": { "line": 205, "column": 6 },
        "end": { "line": 205, "column": 53 }
      },
      "54": {
        "start": { "line": 207, "column": 4 },
        "end": { "line": 211, "column": 6 }
      },
      "55": {
        "start": { "line": 229, "column": 18 },
        "end": { "line": 230, "column": 31 }
      },
      "56": {
        "start": { "line": 230, "column": 6 },
        "end": { "line": 230, "column": 31 }
      },
      "57": {
        "start": { "line": 231, "column": 21 },
        "end": { "line": 232, "column": 38 }
      },
      "58": {
        "start": { "line": 232, "column": 6 },
        "end": { "line": 232, "column": 38 }
      },
      "59": {
        "start": { "line": 233, "column": 25 },
        "end": { "line": 234, "column": 37 }
      },
      "60": {
        "start": { "line": 234, "column": 6 },
        "end": { "line": 234, "column": 37 }
      },
      "61": {
        "start": { "line": 235, "column": 27 },
        "end": { "line": 238, "column": 7 }
      },
      "62": {
        "start": { "line": 236, "column": 6 },
        "end": { "line": 238, "column": 7 }
      },
      "63": {
        "start": { "line": 239, "column": 30 },
        "end": { "line": 240, "column": 43 }
      },
      "64": {
        "start": { "line": 240, "column": 6 },
        "end": { "line": 240, "column": 43 }
      },
      "65": {
        "start": { "line": 241, "column": 25 },
        "end": { "line": 242, "column": 51 }
      },
      "66": {
        "start": { "line": 242, "column": 6 },
        "end": { "line": 242, "column": 51 }
      },
      "67": {
        "start": { "line": 243, "column": 32 },
        "end": { "line": 246, "column": 5 }
      },
      "68": {
        "start": { "line": 244, "column": 23 },
        "end": { "line": 244, "column": 61 }
      },
      "69": {
        "start": { "line": 244, "column": 58 },
        "end": { "line": 244, "column": 60 }
      },
      "70": {
        "start": { "line": 245, "column": 6 },
        "end": { "line": 245, "column": 67 }
      },
      "71": {
        "start": { "line": 245, "column": 39 },
        "end": { "line": 245, "column": 65 }
      },
      "72": {
        "start": { "line": 247, "column": 25 },
        "end": { "line": 251, "column": 21 }
      },
      "73": {
        "start": { "line": 248, "column": 6 },
        "end": { "line": 251, "column": 21 }
      },
      "74": {
        "start": { "line": 253, "column": 4 },
        "end": { "line": 263, "column": 8 }
      },
      "75": {
        "start": { "line": 260, "column": 8 },
        "end": { "line": 262, "column": 16 }
      },
      "76": {
        "start": { "line": 265, "column": 4 },
        "end": { "line": 269, "column": 5 }
      },
      "77": {
        "start": { "line": 266, "column": 6 },
        "end": { "line": 268, "column": 8 }
      },
      "78": {
        "start": { "line": 267, "column": 8 },
        "end": { "line": 267, "column": 55 }
      },
      "79": {
        "start": { "line": 271, "column": 22 },
        "end": { "line": 274, "column": 27 }
      },
      "80": {
        "start": { "line": 273, "column": 22 },
        "end": { "line": 273, "column": 43 }
      },
      "81": {
        "start": { "line": 276, "column": 4 },
        "end": { "line": 276, "column": 21 }
      },
      "82": {
        "start": { "line": 286, "column": 4 },
        "end": { "line": 286, "column": 57 }
      },
      "83": {
        "start": { "line": 286, "column": 47 },
        "end": { "line": 286, "column": 57 }
      },
      "84": {
        "start": { "line": 288, "column": 57 },
        "end": { "line": 300, "column": 5 }
      },
      "85": {
        "start": { "line": 302, "column": 57 },
        "end": { "line": 308, "column": 5 }
      },
      "86": {
        "start": { "line": 310, "column": 4 },
        "end": { "line": 312, "column": 5 }
      },
      "87": {
        "start": { "line": 311, "column": 6 },
        "end": { "line": 311, "column": 39 }
      },
      "88": {
        "start": { "line": 314, "column": 4 },
        "end": { "line": 318, "column": 5 }
      },
      "89": {
        "start": { "line": 315, "column": 6 },
        "end": { "line": 317, "column": 7 }
      },
      "90": {
        "start": { "line": 316, "column": 8 },
        "end": { "line": 316, "column": 38 }
      },
      "91": {
        "start": { "line": 320, "column": 28 },
        "end": { "line": 320, "column": 46 }
      },
      "92": {
        "start": { "line": 321, "column": 4 },
        "end": { "line": 328, "column": 5 }
      },
      "93": {
        "start": { "line": 322, "column": 6 },
        "end": { "line": 327, "column": 7 }
      },
      "94": {
        "start": { "line": 323, "column": 28 },
        "end": { "line": 323, "column": 61 }
      },
      "95": {
        "start": { "line": 324, "column": 8 },
        "end": { "line": 326, "column": 47 }
      },
      "96": {
        "start": { "line": 330, "column": 4 },
        "end": { "line": 330, "column": 24 }
      },
      "97": {
        "start": { "line": 340, "column": 4 },
        "end": { "line": 340, "column": 46 }
      },
      "98": {
        "start": { "line": 340, "column": 29 },
        "end": { "line": 340, "column": 46 }
      },
      "99": {
        "start": { "line": 342, "column": 6 },
        "end": { "line": 344, "column": 69 }
      },
      "100": {
        "start": { "line": 345, "column": 19 },
        "end": { "line": 345, "column": 48 }
      },
      "101": {
        "start": { "line": 347, "column": 4 },
        "end": { "line": 347, "column": 34 }
      }
    },
    "fnMap": {
      "0": {
        "name": "(anonymous_0)",
        "decl": {
          "start": { "line": 35, "column": 2 },
          "end": { "line": 35, "column": 3 }
        },
        "loc": {
          "start": { "line": 39, "column": 4 },
          "end": { "line": 68, "column": 3 }
        },
        "line": 39
      },
      "1": {
        "name": "(anonymous_1)",
        "decl": {
          "start": { "line": 49, "column": 24 },
          "end": { "line": 49, "column": 25 }
        },
        "loc": {
          "start": { "line": 49, "column": 32 },
          "end": { "line": 52, "column": 11 }
        },
        "line": 49
      },
      "2": {
        "name": "(anonymous_2)",
        "decl": {
          "start": { "line": 70, "column": 2 },
          "end": { "line": 70, "column": 3 }
        },
        "loc": {
          "start": { "line": 70, "column": 31 },
          "end": { "line": 109, "column": 3 }
        },
        "line": 70
      },
      "3": {
        "name": "(anonymous_3)",
        "decl": {
          "start": { "line": 87, "column": 22 },
          "end": { "line": 87, "column": 23 }
        },
        "loc": {
          "start": { "line": 87, "column": 28 },
          "end": { "line": 87, "column": 39 }
        },
        "line": 87
      },
      "4": {
        "name": "(anonymous_4)",
        "decl": {
          "start": { "line": 117, "column": 2 },
          "end": { "line": 117, "column": 3 }
        },
        "loc": {
          "start": { "line": 117, "column": 49 },
          "end": { "line": 134, "column": 3 }
        },
        "line": 117
      },
      "5": {
        "name": "(anonymous_5)",
        "decl": {
          "start": { "line": 120, "column": 27 },
          "end": { "line": 120, "column": 28 }
        },
        "loc": {
          "start": { "line": 121, "column": 6 },
          "end": { "line": 121, "column": 62 }
        },
        "line": 121
      },
      "6": {
        "name": "(anonymous_6)",
        "decl": {
          "start": { "line": 144, "column": 2 },
          "end": { "line": 144, "column": 3 }
        },
        "loc": {
          "start": { "line": 149, "column": 4 },
          "end": { "line": 212, "column": 3 }
        },
        "line": 149
      },
      "7": {
        "name": "(anonymous_7)",
        "decl": {
          "start": { "line": 161, "column": 15 },
          "end": { "line": 161, "column": 16 }
        },
        "loc": {
          "start": { "line": 161, "column": 21 },
          "end": { "line": 161, "column": 26 }
        },
        "line": 161
      },
      "8": {
        "name": "(anonymous_8)",
        "decl": {
          "start": { "line": 223, "column": 2 },
          "end": { "line": 223, "column": 3 }
        },
        "loc": {
          "start": { "line": 228, "column": 4 },
          "end": { "line": 277, "column": 3 }
        },
        "line": 228
      },
      "9": {
        "name": "(anonymous_9)",
        "decl": {
          "start": { "line": 229, "column": 18 },
          "end": { "line": 229, "column": 19 }
        },
        "loc": {
          "start": { "line": 230, "column": 6 },
          "end": { "line": 230, "column": 31 }
        },
        "line": 230
      },
      "10": {
        "name": "(anonymous_10)",
        "decl": {
          "start": { "line": 231, "column": 21 },
          "end": { "line": 231, "column": 22 }
        },
        "loc": {
          "start": { "line": 232, "column": 6 },
          "end": { "line": 232, "column": 38 }
        },
        "line": 232
      },
      "11": {
        "name": "(anonymous_11)",
        "decl": {
          "start": { "line": 233, "column": 25 },
          "end": { "line": 233, "column": 26 }
        },
        "loc": {
          "start": { "line": 234, "column": 6 },
          "end": { "line": 234, "column": 37 }
        },
        "line": 234
      },
      "12": {
        "name": "(anonymous_12)",
        "decl": {
          "start": { "line": 235, "column": 27 },
          "end": { "line": 235, "column": 28 }
        },
        "loc": {
          "start": { "line": 236, "column": 6 },
          "end": { "line": 238, "column": 7 }
        },
        "line": 236
      },
      "13": {
        "name": "(anonymous_13)",
        "decl": {
          "start": { "line": 239, "column": 30 },
          "end": { "line": 239, "column": 31 }
        },
        "loc": {
          "start": { "line": 240, "column": 6 },
          "end": { "line": 240, "column": 43 }
        },
        "line": 240
      },
      "14": {
        "name": "(anonymous_14)",
        "decl": {
          "start": { "line": 241, "column": 25 },
          "end": { "line": 241, "column": 26 }
        },
        "loc": {
          "start": { "line": 242, "column": 6 },
          "end": { "line": 242, "column": 51 }
        },
        "line": 242
      },
      "15": {
        "name": "(anonymous_15)",
        "decl": {
          "start": { "line": 243, "column": 32 },
          "end": { "line": 243, "column": 33 }
        },
        "loc": {
          "start": { "line": 243, "column": 74 },
          "end": { "line": 246, "column": 5 }
        },
        "line": 243
      },
      "16": {
        "name": "(anonymous_16)",
        "decl": {
          "start": { "line": 244, "column": 52 },
          "end": { "line": 244, "column": 53 }
        },
        "loc": {
          "start": { "line": 244, "column": 58 },
          "end": { "line": 244, "column": 60 }
        },
        "line": 244
      },
      "17": {
        "name": "(anonymous_17)",
        "decl": {
          "start": { "line": 245, "column": 28 },
          "end": { "line": 245, "column": 29 }
        },
        "loc": {
          "start": { "line": 245, "column": 39 },
          "end": { "line": 245, "column": 65 }
        },
        "line": 245
      },
      "18": {
        "name": "(anonymous_18)",
        "decl": {
          "start": { "line": 247, "column": 25 },
          "end": { "line": 247, "column": 26 }
        },
        "loc": {
          "start": { "line": 248, "column": 6 },
          "end": { "line": 251, "column": 21 }
        },
        "line": 248
      },
      "19": {
        "name": "(anonymous_19)",
        "decl": {
          "start": { "line": 259, "column": 14 },
          "end": { "line": 259, "column": 15 }
        },
        "loc": {
          "start": { "line": 260, "column": 8 },
          "end": { "line": 262, "column": 16 }
        },
        "line": 260
      },
      "20": {
        "name": "(anonymous_20)",
        "decl": {
          "start": { "line": 266, "column": 29 },
          "end": { "line": 266, "column": 30 }
        },
        "loc": {
          "start": { "line": 267, "column": 8 },
          "end": { "line": 267, "column": 55 }
        },
        "line": 267
      },
      "21": {
        "name": "(anonymous_21)",
        "decl": {
          "start": { "line": 273, "column": 11 },
          "end": { "line": 273, "column": 12 }
        },
        "loc": {
          "start": { "line": 273, "column": 22 },
          "end": { "line": 273, "column": 43 }
        },
        "line": 273
      },
      "22": {
        "name": "(anonymous_22)",
        "decl": {
          "start": { "line": 285, "column": 2 },
          "end": { "line": 285, "column": 3 }
        },
        "loc": {
          "start": { "line": 285, "column": 64 },
          "end": { "line": 331, "column": 3 }
        },
        "line": 285
      },
      "23": {
        "name": "(anonymous_23)",
        "decl": {
          "start": { "line": 339, "column": 2 },
          "end": { "line": 339, "column": 3 }
        },
        "loc": {
          "start": { "line": 339, "column": 68 },
          "end": { "line": 348, "column": 3 }
        },
        "line": 339
      }
    },
    "branchMap": {
      "0": {
        "loc": {
          "start": { "line": 44, "column": 6 },
          "end": { "line": 66, "column": 8 }
        },
        "type": "binary-expr",
        "locations": [
          {
            "start": { "line": 44, "column": 6 },
            "end": { "line": 44, "column": 12 }
          },
          {
            "start": { "line": 45, "column": 6 },
            "end": { "line": 66, "column": 8 }
          }
        ],
        "line": 44
      },
      "1": {
        "loc": {
          "start": { "line": 51, "column": 19 },
          "end": { "line": 51, "column": 78 }
        },
        "type": "cond-expr",
        "locations": [
          {
            "start": { "line": 51, "column": 43 },
            "end": { "line": 51, "column": 68 }
          },
          {
            "start": { "line": 51, "column": 71 },
            "end": { "line": 51, "column": 78 }
          }
        ],
        "line": 51
      },
      "2": {
        "loc": {
          "start": { "line": 85, "column": 6 },
          "end": { "line": 85, "column": 33 }
        },
        "type": "if",
        "locations": [
          {
            "start": { "line": 85, "column": 6 },
            "end": { "line": 85, "column": 33 }
          },
          { "start": {}, "end": {} }
        ],
        "line": 85
      },
      "3": {
        "loc": {
          "start": { "line": 87, "column": 6 },
          "end": { "line": 87, "column": 51 }
        },
        "type": "if",
        "locations": [
          {
            "start": { "line": 87, "column": 6 },
            "end": { "line": 87, "column": 51 }
          },
          { "start": {}, "end": {} }
        ],
        "line": 87
      },
      "4": {
        "loc": {
          "start": { "line": 105, "column": 8 },
          "end": { "line": 106, "column": 78 }
        },
        "type": "if",
        "locations": [
          {
            "start": { "line": 105, "column": 8 },
            "end": { "line": 106, "column": 78 }
          },
          {
            "start": { "line": 106, "column": 13 },
            "end": { "line": 106, "column": 78 }
          }
        ],
        "line": 105
      },
      "5": {
        "loc": {
          "start": { "line": 121, "column": 6 },
          "end": { "line": 121, "column": 62 }
        },
        "type": "binary-expr",
        "locations": [
          {
            "start": { "line": 121, "column": 6 },
            "end": { "line": 121, "column": 20 }
          },
          {
            "start": { "line": 121, "column": 24 },
            "end": { "line": 121, "column": 35 }
          },
          {
            "start": { "line": 121, "column": 39 },
            "end": { "line": 121, "column": 62 }
          }
        ],
        "line": 121
      },
      "6": {
        "loc": {
          "start": { "line": 125, "column": 4 },
          "end": { "line": 127, "column": 5 }
        },
        "type": "if",
        "locations": [
          {
            "start": { "line": 125, "column": 4 },
            "end": { "line": 127, "column": 5 }
          },
          { "start": {}, "end": {} }
        ],
        "line": 125
      },
      "7": {
        "loc": {
          "start": { "line": 129, "column": 4 },
          "end": { "line": 131, "column": 5 }
        },
        "type": "if",
        "locations": [
          {
            "start": { "line": 129, "column": 4 },
            "end": { "line": 131, "column": 5 }
          },
          { "start": {}, "end": {} }
        ],
        "line": 129
      },
      "8": {
        "loc": {
          "start": { "line": 133, "column": 11 },
          "end": { "line": 133, "column": 54 }
        },
        "type": "cond-expr",
        "locations": [
          {
            "start": { "line": 133, "column": 36 },
            "end": { "line": 133, "column": 47 }
          },
          {
            "start": { "line": 133, "column": 50 },
            "end": { "line": 133, "column": 54 }
          }
        ],
        "line": 133
      },
      "9": {
        "loc": {
          "start": { "line": 163, "column": 4 },
          "end": { "line": 170, "column": 5 }
        },
        "type": "if",
        "locations": [
          {
            "start": { "line": 163, "column": 4 },
            "end": { "line": 170, "column": 5 }
          },
          { "start": {}, "end": {} }
        ],
        "line": 163
      },
      "10": {
        "loc": {
          "start": { "line": 195, "column": 4 },
          "end": { "line": 202, "column": 5 }
        },
        "type": "if",
        "locations": [
          {
            "start": { "line": 195, "column": 4 },
            "end": { "line": 202, "column": 5 }
          },
          { "start": {}, "end": {} }
        ],
        "line": 195
      },
      "11": {
        "loc": {
          "start": { "line": 248, "column": 6 },
          "end": { "line": 251, "column": 21 }
        },
        "type": "binary-expr",
        "locations": [
          {
            "start": { "line": 248, "column": 6 },
            "end": { "line": 248, "column": 29 }
          },
          {
            "start": { "line": 249, "column": 6 },
            "end": { "line": 249, "column": 20 }
          },
          {
            "start": { "line": 250, "column": 6 },
            "end": { "line": 250, "column": 20 }
          },
          {
            "start": { "line": 251, "column": 6 },
            "end": { "line": 251, "column": 21 }
          }
        ],
        "line": 248
      },
      "12": {
        "loc": {
          "start": { "line": 260, "column": 8 },
          "end": { "line": 262, "column": 16 }
        },
        "type": "cond-expr",
        "locations": [
          {
            "start": { "line": 261, "column": 12 },
            "end": { "line": 261, "column": 51 }
          },
          {
            "start": { "line": 262, "column": 12 },
            "end": { "line": 262, "column": 16 }
          }
        ],
        "line": 260
      },
      "13": {
        "loc": {
          "start": { "line": 265, "column": 4 },
          "end": { "line": 269, "column": 5 }
        },
        "type": "if",
        "locations": [
          {
            "start": { "line": 265, "column": 4 },
            "end": { "line": 269, "column": 5 }
          },
          { "start": {}, "end": {} }
        ],
        "line": 265
      },
      "14": {
        "loc": {
          "start": { "line": 286, "column": 4 },
          "end": { "line": 286, "column": 57 }
        },
        "type": "if",
        "locations": [
          {
            "start": { "line": 286, "column": 4 },
            "end": { "line": 286, "column": 57 }
          },
          { "start": {}, "end": {} }
        ],
        "line": 286
      },
      "15": {
        "loc": {
          "start": { "line": 286, "column": 8 },
          "end": { "line": 286, "column": 45 }
        },
        "type": "binary-expr",
        "locations": [
          {
            "start": { "line": 286, "column": 8 },
            "end": { "line": 286, "column": 23 }
          },
          {
            "start": { "line": 286, "column": 27 },
            "end": { "line": 286, "column": 45 }
          }
        ],
        "line": 286
      },
      "16": {
        "loc": {
          "start": { "line": 310, "column": 4 },
          "end": { "line": 312, "column": 5 }
        },
        "type": "if",
        "locations": [
          {
            "start": { "line": 310, "column": 4 },
            "end": { "line": 312, "column": 5 }
          },
          { "start": {}, "end": {} }
        ],
        "line": 310
      },
      "17": {
        "loc": {
          "start": { "line": 315, "column": 6 },
          "end": { "line": 317, "column": 7 }
        },
        "type": "if",
        "locations": [
          {
            "start": { "line": 315, "column": 6 },
            "end": { "line": 317, "column": 7 }
          },
          { "start": {}, "end": {} }
        ],
        "line": 315
      },
      "18": {
        "loc": {
          "start": { "line": 322, "column": 6 },
          "end": { "line": 327, "column": 7 }
        },
        "type": "if",
        "locations": [
          {
            "start": { "line": 322, "column": 6 },
            "end": { "line": 327, "column": 7 }
          },
          { "start": {}, "end": {} }
        ],
        "line": 322
      },
      "19": {
        "loc": {
          "start": { "line": 324, "column": 15 },
          "end": { "line": 326, "column": 46 }
        },
        "type": "cond-expr",
        "locations": [
          {
            "start": { "line": 325, "column": 12 },
            "end": { "line": 325, "column": 14 }
          },
          {
            "start": { "line": 326, "column": 12 },
            "end": { "line": 326, "column": 46 }
          }
        ],
        "line": 324
      },
      "20": {
        "loc": {
          "start": { "line": 340, "column": 4 },
          "end": { "line": 340, "column": 46 }
        },
        "type": "if",
        "locations": [
          {
            "start": { "line": 340, "column": 4 },
            "end": { "line": 340, "column": 46 }
          },
          { "start": {}, "end": {} }
        ],
        "line": 340
      },
      "21": {
        "loc": {
          "start": { "line": 340, "column": 8 },
          "end": { "line": 340, "column": 27 }
        },
        "type": "binary-expr",
        "locations": [
          {
            "start": { "line": 340, "column": 8 },
            "end": { "line": 340, "column": 11 }
          },
          {
            "start": { "line": 340, "column": 15 },
            "end": { "line": 340, "column": 27 }
          }
        ],
        "line": 340
      },
      "22": {
        "loc": {
          "start": { "line": 342, "column": 6 },
          "end": { "line": 344, "column": 69 }
        },
        "type": "cond-expr",
        "locations": [
          {
            "start": { "line": 343, "column": 10 },
            "end": { "line": 343, "column": 21 }
          },
          {
            "start": { "line": 344, "column": 10 },
            "end": { "line": 344, "column": 69 }
          }
        ],
        "line": 342
      }
    },
    "s": {
      "0": 35,
      "1": 35,
      "2": 35,
      "3": 35,
      "4": 35,
      "5": 0,
      "6": 0,
      "7": 35,
      "8": 0,
      "9": 0,
      "10": 0,
      "11": 0,
      "12": 0,
      "13": 0,
      "14": 0,
      "15": 0,
      "16": 0,
      "17": 0,
      "18": 0,
      "19": 0,
      "20": 0,
      "21": 0,
      "22": 0,
      "23": 0,
      "24": 0,
      "25": 0,
      "26": 5,
      "27": 5,
      "28": 10,
      "29": 5,
      "30": 5,
      "31": 4,
      "32": 5,
      "33": 4,
      "34": 5,
      "35": 3,
      "36": 3,
      "37": 3,
      "38": 3,
      "39": 2,
      "40": 3,
      "41": 1,
      "42": 1,
      "43": 2,
      "44": 2,
      "45": 2,
      "46": 2,
      "47": 1,
      "48": 1,
      "49": 1,
      "50": 1,
      "51": 0,
      "52": 0,
      "53": 1,
      "54": 1,
      "55": 5,
      "56": 13,
      "57": 5,
      "58": 12,
      "59": 5,
      "60": 11,
      "61": 5,
      "62": 9,
      "63": 5,
      "64": 9,
      "65": 5,
      "66": 9,
      "67": 5,
      "68": 9,
      "69": 9,
      "70": 9,
      "71": 9,
      "72": 5,
      "73": 9,
      "74": 5,
      "75": 9,
      "76": 5,
      "77": 5,
      "78": 9,
      "79": 5,
      "80": 9,
      "81": 5,
      "82": 22,
      "83": 1,
      "84": 21,
      "85": 21,
      "86": 21,
      "87": 7,
      "88": 14,
      "89": 60,
      "90": 5,
      "91": 9,
      "92": 9,
      "93": 21,
      "94": 5,
      "95": 5,
      "96": 4,
      "97": 3,
      "98": 1,
      "99": 3,
      "100": 3,
      "101": 3
    },
    "f": {
      "0": 35,
      "1": 0,
      "2": 0,
      "3": 0,
      "4": 5,
      "5": 10,
      "6": 3,
      "7": 2,
      "8": 5,
      "9": 13,
      "10": 12,
      "11": 11,
      "12": 9,
      "13": 9,
      "14": 9,
      "15": 9,
      "16": 9,
      "17": 9,
      "18": 9,
      "19": 9,
      "20": 9,
      "21": 9,
      "22": 22,
      "23": 3
    },
    "b": {
      "0": [35, 0],
      "1": [0, 0],
      "2": [0, 0],
      "3": [0, 0],
      "4": [0, 0],
      "5": [10, 7, 4],
      "6": [4, 1],
      "7": [4, 1],
      "8": [4, 1],
      "9": [1, 2],
      "10": [0, 1],
      "11": [9, 9, 9, 7],
      "12": [9, 0],
      "13": [5, 0],
      "14": [1, 21],
      "15": [22, 1],
      "16": [7, 14],
      "17": [5, 55],
      "18": [5, 16],
      "19": [4, 1],
      "20": [1, 2],
      "21": [3, 1],
      "22": [2, 1]
    },
    "_coverageSchema": "1a1c01bbd47fc00a2c39e90264f33305004495a9",
    "hash": "4047fcc5bbdab6cf59983c9c117cc5371ab7b896"
  },
  "/home/erichong/ygo-card-time/apps/yu-sei/src/utils/common.ts": {
    "path": "/home/erichong/ygo-card-time/apps/yu-sei/src/utils/common.ts",
    "statementMap": {
      "0": {
        "start": { "line": 1, "column": 21 },
        "end": { "line": 5, "column": 1 }
      },
      "1": {
        "start": { "line": 2, "column": 2 },
        "end": { "line": 4, "column": 5 }
      },
      "2": {
        "start": { "line": 3, "column": 4 },
        "end": { "line": 3, "column": 30 }
      }
    },
    "fnMap": {
      "0": {
        "name": "(anonymous_0)",
        "decl": {
          "start": { "line": 1, "column": 21 },
          "end": { "line": 1, "column": 22 }
        },
        "loc": {
          "start": { "line": 1, "column": 45 },
          "end": { "line": 5, "column": 1 }
        },
        "line": 1
      },
      "1": {
        "name": "(anonymous_1)",
        "decl": {
          "start": { "line": 2, "column": 21 },
          "end": { "line": 2, "column": 22 }
        },
        "loc": {
          "start": { "line": 2, "column": 32 },
          "end": { "line": 4, "column": 3 }
        },
        "line": 2
      }
    },
    "branchMap": {},
    "s": { "0": 1, "1": 1, "2": 1 },
    "f": { "0": 1, "1": 1 },
    "b": {},
    "_coverageSchema": "1a1c01bbd47fc00a2c39e90264f33305004495a9",
    "hash": "5c47bfbdef79aba9f280786b26aa325063262b9a"
  },
  "/home/erichong/ygo-card-time/apps/yu-sei/src/utils/index.ts": {
    "path": "/home/erichong/ygo-card-time/apps/yu-sei/src/utils/index.ts",
    "statementMap": {},
    "fnMap": {},
    "branchMap": {},
    "s": {},
    "f": {},
    "b": {},
    "_coverageSchema": "1a1c01bbd47fc00a2c39e90264f33305004495a9",
    "hash": "fc525386ff5fcf0b8ad4034737b3689e94412049"
  },
  "/home/erichong/ygo-card-time/apps/yu-sei/src/utils/priceCalculator.ts": {
    "path": "/home/erichong/ygo-card-time/apps/yu-sei/src/utils/priceCalculator.ts",
    "statementMap": {
      "0": {
        "start": { "line": 6, "column": 4 },
        "end": { "line": 9, "column": 5 }
      },
      "1": {
        "start": { "line": 7, "column": 23 },
        "end": { "line": 7, "column": 42 }
      },
      "2": {
        "start": { "line": 8, "column": 6 },
        "end": { "line": 8, "column": 50 }
      },
      "3": {
        "start": { "line": 11, "column": 27 },
        "end": { "line": 11, "column": 79 }
      },
      "4": {
        "start": { "line": 11, "column": 73 },
        "end": { "line": 11, "column": 78 }
      },
      "5": {
        "start": { "line": 13, "column": 21 },
        "end": { "line": 13, "column": 48 }
      },
      "6": {
        "start": { "line": 16, "column": 4 },
        "end": { "line": 26, "column": 5 }
      },
      "7": {
        "start": { "line": 17, "column": 6 },
        "end": { "line": 17, "column": 30 }
      },
      "8": {
        "start": { "line": 19, "column": 29 },
        "end": { "line": 19, "column": 65 }
      },
      "9": {
        "start": { "line": 21, "column": 27 },
        "end": { "line": 21, "column": 66 }
      },
      "10": {
        "start": { "line": 23, "column": 6 },
        "end": { "line": 25, "column": 8 }
      },
      "11": {
        "start": { "line": 24, "column": 44 },
        "end": { "line": 24, "column": 55 }
      },
      "12": {
        "start": { "line": 28, "column": 4 },
        "end": { "line": 28, "column": 38 }
      },
      "13": {
        "start": { "line": 32, "column": 19 },
        "end": { "line": 32, "column": 47 }
      },
      "14": {
        "start": { "line": 33, "column": 16 },
        "end": { "line": 33, "column": 49 }
      },
      "15": {
        "start": { "line": 34, "column": 22 },
        "end": { "line": 34, "column": 29 }
      },
      "16": {
        "start": { "line": 36, "column": 4 },
        "end": { "line": 36, "column": 73 }
      },
      "17": {
        "start": { "line": 36, "column": 34 },
        "end": { "line": 36, "column": 71 }
      },
      "18": {
        "start": { "line": 40, "column": 26 },
        "end": { "line": 40, "column": 60 }
      },
      "19": {
        "start": { "line": 40, "column": 54 },
        "end": { "line": 40, "column": 59 }
      },
      "20": {
        "start": { "line": 41, "column": 16 },
        "end": { "line": 41, "column": 52 }
      },
      "21": {
        "start": { "line": 42, "column": 4 },
        "end": { "line": 44, "column": 58 }
      },
      "22": {
        "start": { "line": 48, "column": 23 },
        "end": { "line": 48, "column": 65 }
      },
      "23": {
        "start": { "line": 48, "column": 42 },
        "end": { "line": 48, "column": 64 }
      },
      "24": {
        "start": { "line": 49, "column": 4 },
        "end": { "line": 49, "column": 44 }
      }
    },
    "fnMap": {
      "0": {
        "name": "(anonymous_0)",
        "decl": {
          "start": { "line": 2, "column": 2 },
          "end": { "line": 2, "column": 3 }
        },
        "loc": {
          "start": { "line": 5, "column": 4 },
          "end": { "line": 29, "column": 3 }
        },
        "line": 5
      },
      "1": {
        "name": "(anonymous_1)",
        "decl": {
          "start": { "line": 11, "column": 63 },
          "end": { "line": 11, "column": 64 }
        },
        "loc": {
          "start": { "line": 11, "column": 73 },
          "end": { "line": 11, "column": 78 }
        },
        "line": 11
      },
      "2": {
        "name": "(anonymous_2)",
        "decl": {
          "start": { "line": 24, "column": 28 },
          "end": { "line": 24, "column": 29 }
        },
        "loc": {
          "start": { "line": 24, "column": 44 },
          "end": { "line": 24, "column": 55 }
        },
        "line": 24
      },
      "3": {
        "name": "(anonymous_3)",
        "decl": {
          "start": { "line": 31, "column": 2 },
          "end": { "line": 31, "column": 3 }
        },
        "loc": {
          "start": { "line": 31, "column": 56 },
          "end": { "line": 37, "column": 3 }
        },
        "line": 31
      },
      "4": {
        "name": "(anonymous_4)",
        "decl": {
          "start": { "line": 36, "column": 25 },
          "end": { "line": 36, "column": 26 }
        },
        "loc": {
          "start": { "line": 36, "column": 34 },
          "end": { "line": 36, "column": 71 }
        },
        "line": 36
      },
      "5": {
        "name": "(anonymous_5)",
        "decl": {
          "start": { "line": 39, "column": 2 },
          "end": { "line": 39, "column": 3 }
        },
        "loc": {
          "start": { "line": 39, "column": 53 },
          "end": { "line": 45, "column": 3 }
        },
        "line": 39
      },
      "6": {
        "name": "(anonymous_6)",
        "decl": {
          "start": { "line": 40, "column": 44 },
          "end": { "line": 40, "column": 45 }
        },
        "loc": {
          "start": { "line": 40, "column": 54 },
          "end": { "line": 40, "column": 59 }
        },
        "line": 40
      },
      "7": {
        "name": "(anonymous_7)",
        "decl": {
          "start": { "line": 47, "column": 2 },
          "end": { "line": 47, "column": 3 }
        },
        "loc": {
          "start": { "line": 47, "column": 66 },
          "end": { "line": 50, "column": 3 }
        },
        "line": 47
      },
      "8": {
        "name": "(anonymous_8)",
        "decl": {
          "start": { "line": 48, "column": 35 },
          "end": { "line": 48, "column": 36 }
        },
        "loc": {
          "start": { "line": 48, "column": 42 },
          "end": { "line": 48, "column": 64 }
        },
        "line": 48
      }
    },
    "branchMap": {
      "0": {
        "loc": {
          "start": { "line": 6, "column": 4 },
          "end": { "line": 9, "column": 5 }
        },
        "type": "if",
        "locations": [
          {
            "start": { "line": 6, "column": 4 },
            "end": { "line": 9, "column": 5 }
          },
          { "start": {}, "end": {} }
        ],
        "line": 6
      },
      "1": {
        "loc": {
          "start": { "line": 16, "column": 4 },
          "end": { "line": 26, "column": 5 }
        },
        "type": "if",
        "locations": [
          {
            "start": { "line": 16, "column": 4 },
            "end": { "line": 26, "column": 5 }
          },
          {
            "start": { "line": 18, "column": 11 },
            "end": { "line": 26, "column": 5 }
          }
        ],
        "line": 16
      },
      "2": {
        "loc": {
          "start": { "line": 42, "column": 11 },
          "end": { "line": 44, "column": 57 }
        },
        "type": "cond-expr",
        "locations": [
          {
            "start": { "line": 43, "column": 8 },
            "end": { "line": 43, "column": 26 }
          },
          {
            "start": { "line": 44, "column": 8 },
            "end": { "line": 44, "column": 57 }
          }
        ],
        "line": 42
      }
    },
    "s": {
      "0": 0,
      "1": 0,
      "2": 0,
      "3": 0,
      "4": 0,
      "5": 0,
      "6": 0,
      "7": 0,
      "8": 0,
      "9": 0,
      "10": 0,
      "11": 0,
      "12": 0,
      "13": 0,
      "14": 0,
      "15": 0,
      "16": 0,
      "17": 0,
      "18": 0,
      "19": 0,
      "20": 0,
      "21": 0,
      "22": 0,
      "23": 0,
      "24": 0
    },
    "f": {
      "0": 0,
      "1": 0,
      "2": 0,
      "3": 0,
      "4": 0,
      "5": 0,
      "6": 0,
      "7": 0,
      "8": 0
    },
    "b": { "0": [0, 0], "1": [0, 0], "2": [0, 0] },
    "_coverageSchema": "1a1c01bbd47fc00a2c39e90264f33305004495a9",
    "hash": "91f12bb089fdc8bdb72c7f3f427fffc25a6ef474"
  }
}
