{
  "/home/erichong/ygo-card-time/apps/yu-sei/src/cronJobs/rutenPrice.ts": {
    "path": "/home/erichong/ygo-card-time/apps/yu-sei/src/cronJobs/rutenPrice.ts",
    "statementMap": {
      "0": {
        "start": { "line": 26, "column": 26 },
        "end": { "line": 31, "column": 3 }
      },
      "1": {
        "start": { "line": 37, "column": 4 },
        "end": { "line": 37, "column": 58 }
      },
      "2": {
        "start": { "line": 38, "column": 4 },
        "end": { "line": 38, "column": 47 }
      },
      "3": {
        "start": { "line": 39, "column": 4 },
        "end": { "line": 39, "column": 43 }
      },
      "4": {
        "start": { "line": 40, "column": 4 },
        "end": { "line": 40, "column": 32 }
      },
      "5": {
        "start": { "line": 41, "column": 4 },
        "end": { "line": 41, "column": 32 }
      },
      "6": {
        "start": { "line": 45, "column": 4 },
        "end": { "line": 45, "column": 69 }
      },
      "7": {
        "start": { "line": 46, "column": 22 },
        "end": { "line": 56, "column": 5 }
      },
      "8": {
        "start": { "line": 58, "column": 4 },
        "end": { "line": 82, "column": 5 }
      },
      "9": {
        "start": { "line": 59, "column": 6 },
        "end": { "line": 59, "column": 33 }
      },
      "10": {
        "start": { "line": 59, "column": 24 },
        "end": { "line": 59, "column": 33 }
      },
      "11": {
        "start": { "line": 60, "column": 35 },
        "end": { "line": 60, "column": 74 }
      },
      "12": {
        "start": { "line": 61, "column": 6 },
        "end": { "line": 61, "column": 51 }
      },
      "13": {
        "start": { "line": 61, "column": 28 },
        "end": { "line": 61, "column": 39 }
      },
      "14": {
        "start": { "line": 61, "column": 42 },
        "end": { "line": 61, "column": 51 }
      },
      "15": {
        "start": { "line": 62, "column": 22 },
        "end": { "line": 62, "column": 37 }
      },
      "16": {
        "start": { "line": 64, "column": 6 },
        "end": { "line": 66, "column": 9 }
      },
      "17": {
        "start": { "line": 68, "column": 39 },
        "end": { "line": 68, "column": 41 }
      },
      "18": {
        "start": { "line": 70, "column": 6 },
        "end": { "line": 81, "column": 7 }
      },
      "19": {
        "start": { "line": 71, "column": 8 },
        "end": { "line": 71, "column": 25 }
      },
      "20": {
        "start": { "line": 72, "column": 26 },
        "end": { "line": 77, "column": 9 }
      },
      "21": {
        "start": { "line": 79, "column": 8 },
        "end": { "line": 80, "column": 74 }
      },
      "22": {
        "start": { "line": 79, "column": 47 },
        "end": { "line": 79, "column": 77 }
      },
      "23": {
        "start": { "line": 80, "column": 13 },
        "end": { "line": 80, "column": 74 }
      },
      "24": {
        "start": { "line": 92, "column": 40 },
        "end": { "line": 92, "column": 49 }
      },
      "25": {
        "start": { "line": 94, "column": 27 },
        "end": { "line": 95, "column": 62 }
      },
      "26": {
        "start": { "line": 95, "column": 6 },
        "end": { "line": 95, "column": 62 }
      },
      "27": {
        "start": { "line": 97, "column": 34 },
        "end": { "line": 97, "column": 36 }
      },
      "28": {
        "start": { "line": 99, "column": 4 },
        "end": { "line": 101, "column": 5 }
      },
      "29": {
        "start": { "line": 100, "column": 6 },
        "end": { "line": 100, "column": 39 }
      },
      "30": {
        "start": { "line": 103, "column": 4 },
        "end": { "line": 105, "column": 5 }
      },
      "31": {
        "start": { "line": 104, "column": 6 },
        "end": { "line": 104, "column": 36 }
      },
      "32": {
        "start": { "line": 107, "column": 4 },
        "end": { "line": 107, "column": 55 }
      },
      "33": {
        "start": { "line": 123, "column": 18 },
        "end": { "line": 127, "column": 5 }
      },
      "34": {
        "start": { "line": 128, "column": 21 },
        "end": { "line": 128, "column": 63 }
      },
      "35": {
        "start": { "line": 130, "column": 20 },
        "end": { "line": 130, "column": 153 }
      },
      "36": {
        "start": { "line": 132, "column": 20 },
        "end": { "line": 134, "column": 27 }
      },
      "37": {
        "start": { "line": 134, "column": 21 },
        "end": { "line": 134, "column": 26 }
      },
      "38": {
        "start": { "line": 136, "column": 4 },
        "end": { "line": 143, "column": 5 }
      },
      "39": {
        "start": { "line": 137, "column": 6 },
        "end": { "line": 137, "column": 49 }
      },
      "40": {
        "start": { "line": 138, "column": 6 },
        "end": { "line": 142, "column": 8 }
      },
      "41": {
        "start": { "line": 145, "column": 4 },
        "end": { "line": 147, "column": 8 }
      },
      "42": {
        "start": { "line": 149, "column": 45 },
        "end": { "line": 149, "column": 47 }
      },
      "43": {
        "start": { "line": 150, "column": 4 },
        "end": { "line": 159, "column": 5 }
      },
      "44": {
        "start": { "line": 151, "column": 6 },
        "end": { "line": 151, "column": 49 }
      },
      "45": {
        "start": { "line": 153, "column": 6 },
        "end": { "line": 153, "column": 68 }
      },
      "46": {
        "start": { "line": 154, "column": 6 },
        "end": { "line": 158, "column": 8 }
      },
      "47": {
        "start": { "line": 161, "column": 22 },
        "end": { "line": 166, "column": 5 }
      },
      "48": {
        "start": { "line": 168, "column": 4 },
        "end": { "line": 175, "column": 5 }
      },
      "49": {
        "start": { "line": 169, "column": 6 },
        "end": { "line": 169, "column": 47 }
      },
      "50": {
        "start": { "line": 170, "column": 6 },
        "end": { "line": 174, "column": 8 }
      },
      "51": {
        "start": { "line": 178, "column": 6 },
        "end": { "line": 178, "column": 53 }
      },
      "52": {
        "start": { "line": 180, "column": 4 },
        "end": { "line": 184, "column": 6 }
      },
      "53": {
        "start": { "line": 202, "column": 18 },
        "end": { "line": 203, "column": 31 }
      },
      "54": {
        "start": { "line": 203, "column": 6 },
        "end": { "line": 203, "column": 31 }
      },
      "55": {
        "start": { "line": 204, "column": 21 },
        "end": { "line": 205, "column": 38 }
      },
      "56": {
        "start": { "line": 205, "column": 6 },
        "end": { "line": 205, "column": 38 }
      },
      "57": {
        "start": { "line": 206, "column": 25 },
        "end": { "line": 207, "column": 37 }
      },
      "58": {
        "start": { "line": 207, "column": 6 },
        "end": { "line": 207, "column": 37 }
      },
      "59": {
        "start": { "line": 208, "column": 27 },
        "end": { "line": 211, "column": 7 }
      },
      "60": {
        "start": { "line": 209, "column": 6 },
        "end": { "line": 211, "column": 7 }
      },
      "61": {
        "start": { "line": 212, "column": 30 },
        "end": { "line": 213, "column": 43 }
      },
      "62": {
        "start": { "line": 213, "column": 6 },
        "end": { "line": 213, "column": 43 }
      },
      "63": {
        "start": { "line": 214, "column": 25 },
        "end": { "line": 215, "column": 51 }
      },
      "64": {
        "start": { "line": 215, "column": 6 },
        "end": { "line": 215, "column": 51 }
      },
      "65": {
        "start": { "line": 216, "column": 32 },
        "end": { "line": 219, "column": 5 }
      },
      "66": {
        "start": { "line": 217, "column": 23 },
        "end": { "line": 217, "column": 61 }
      },
      "67": {
        "start": { "line": 217, "column": 58 },
        "end": { "line": 217, "column": 60 }
      },
      "68": {
        "start": { "line": 218, "column": 6 },
        "end": { "line": 218, "column": 67 }
      },
      "69": {
        "start": { "line": 218, "column": 39 },
        "end": { "line": 218, "column": 65 }
      },
      "70": {
        "start": { "line": 220, "column": 25 },
        "end": { "line": 224, "column": 21 }
      },
      "71": {
        "start": { "line": 221, "column": 6 },
        "end": { "line": 224, "column": 21 }
      },
      "72": {
        "start": { "line": 226, "column": 4 },
        "end": { "line": 236, "column": 8 }
      },
      "73": {
        "start": { "line": 233, "column": 8 },
        "end": { "line": 235, "column": 16 }
      },
      "74": {
        "start": { "line": 238, "column": 4 },
        "end": { "line": 242, "column": 5 }
      },
      "75": {
        "start": { "line": 239, "column": 6 },
        "end": { "line": 241, "column": 8 }
      },
      "76": {
        "start": { "line": 240, "column": 8 },
        "end": { "line": 240, "column": 55 }
      },
      "77": {
        "start": { "line": 244, "column": 22 },
        "end": { "line": 247, "column": 27 }
      },
      "78": {
        "start": { "line": 246, "column": 22 },
        "end": { "line": 246, "column": 43 }
      },
      "79": {
        "start": { "line": 249, "column": 4 },
        "end": { "line": 249, "column": 27 }
      },
      "80": {
        "start": { "line": 251, "column": 4 },
        "end": { "line": 251, "column": 21 }
      },
      "81": {
        "start": { "line": 261, "column": 4 },
        "end": { "line": 261, "column": 57 }
      },
      "82": {
        "start": { "line": 261, "column": 47 },
        "end": { "line": 261, "column": 57 }
      },
      "83": {
        "start": { "line": 263, "column": 57 },
        "end": { "line": 275, "column": 5 }
      },
      "84": {
        "start": { "line": 277, "column": 57 },
        "end": { "line": 283, "column": 5 }
      },
      "85": {
        "start": { "line": 285, "column": 4 },
        "end": { "line": 287, "column": 5 }
      },
      "86": {
        "start": { "line": 286, "column": 6 },
        "end": { "line": 286, "column": 39 }
      },
      "87": {
        "start": { "line": 289, "column": 4 },
        "end": { "line": 293, "column": 5 }
      },
      "88": {
        "start": { "line": 290, "column": 6 },
        "end": { "line": 292, "column": 7 }
      },
      "89": {
        "start": { "line": 291, "column": 8 },
        "end": { "line": 291, "column": 38 }
      },
      "90": {
        "start": { "line": 295, "column": 28 },
        "end": { "line": 295, "column": 46 }
      },
      "91": {
        "start": { "line": 296, "column": 4 },
        "end": { "line": 303, "column": 5 }
      },
      "92": {
        "start": { "line": 297, "column": 6 },
        "end": { "line": 302, "column": 7 }
      },
      "93": {
        "start": { "line": 298, "column": 28 },
        "end": { "line": 298, "column": 61 }
      },
      "94": {
        "start": { "line": 299, "column": 8 },
        "end": { "line": 301, "column": 47 }
      },
      "95": {
        "start": { "line": 306, "column": 4 },
        "end": { "line": 306, "column": 24 }
      },
      "96": {
        "start": { "line": 316, "column": 4 },
        "end": { "line": 316, "column": 46 }
      },
      "97": {
        "start": { "line": 316, "column": 29 },
        "end": { "line": 316, "column": 46 }
      },
      "98": {
        "start": { "line": 318, "column": 6 },
        "end": { "line": 320, "column": 69 }
      },
      "99": {
        "start": { "line": 321, "column": 19 },
        "end": { "line": 321, "column": 48 }
      },
      "100": {
        "start": { "line": 323, "column": 4 },
        "end": { "line": 323, "column": 34 }
      }
    },
    "fnMap": {
      "0": {
        "name": "(anonymous_0)",
        "decl": {
          "start": { "line": 33, "column": 2 },
          "end": { "line": 33, "column": 3 }
        },
        "loc": {
          "start": { "line": 36, "column": 4 },
          "end": { "line": 42, "column": 3 }
        },
        "line": 36
      },
      "1": {
        "name": "(anonymous_1)",
        "decl": {
          "start": { "line": 44, "column": 2 },
          "end": { "line": 44, "column": 3 }
        },
        "loc": {
          "start": { "line": 44, "column": 31 },
          "end": { "line": 83, "column": 3 }
        },
        "line": 44
      },
      "2": {
        "name": "(anonymous_2)",
        "decl": {
          "start": { "line": 61, "column": 22 },
          "end": { "line": 61, "column": 23 }
        },
        "loc": {
          "start": { "line": 61, "column": 28 },
          "end": { "line": 61, "column": 39 }
        },
        "line": 61
      },
      "3": {
        "name": "(anonymous_3)",
        "decl": {
          "start": { "line": 91, "column": 2 },
          "end": { "line": 91, "column": 3 }
        },
        "loc": {
          "start": { "line": 91, "column": 49 },
          "end": { "line": 108, "column": 3 }
        },
        "line": 91
      },
      "4": {
        "name": "(anonymous_4)",
        "decl": {
          "start": { "line": 94, "column": 27 },
          "end": { "line": 94, "column": 28 }
        },
        "loc": {
          "start": { "line": 95, "column": 6 },
          "end": { "line": 95, "column": 62 }
        },
        "line": 95
      },
      "5": {
        "name": "(anonymous_5)",
        "decl": {
          "start": { "line": 117, "column": 2 },
          "end": { "line": 117, "column": 3 }
        },
        "loc": {
          "start": { "line": 122, "column": 4 },
          "end": { "line": 185, "column": 3 }
        },
        "line": 122
      },
      "6": {
        "name": "(anonymous_6)",
        "decl": {
          "start": { "line": 134, "column": 15 },
          "end": { "line": 134, "column": 16 }
        },
        "loc": {
          "start": { "line": 134, "column": 21 },
          "end": { "line": 134, "column": 26 }
        },
        "line": 134
      },
      "7": {
        "name": "(anonymous_7)",
        "decl": {
          "start": { "line": 196, "column": 2 },
          "end": { "line": 196, "column": 3 }
        },
        "loc": {
          "start": { "line": 201, "column": 4 },
          "end": { "line": 252, "column": 3 }
        },
        "line": 201
      },
      "8": {
        "name": "(anonymous_8)",
        "decl": {
          "start": { "line": 202, "column": 18 },
          "end": { "line": 202, "column": 19 }
        },
        "loc": {
          "start": { "line": 203, "column": 6 },
          "end": { "line": 203, "column": 31 }
        },
        "line": 203
      },
      "9": {
        "name": "(anonymous_9)",
        "decl": {
          "start": { "line": 204, "column": 21 },
          "end": { "line": 204, "column": 22 }
        },
        "loc": {
          "start": { "line": 205, "column": 6 },
          "end": { "line": 205, "column": 38 }
        },
        "line": 205
      },
      "10": {
        "name": "(anonymous_10)",
        "decl": {
          "start": { "line": 206, "column": 25 },
          "end": { "line": 206, "column": 26 }
        },
        "loc": {
          "start": { "line": 207, "column": 6 },
          "end": { "line": 207, "column": 37 }
        },
        "line": 207
      },
      "11": {
        "name": "(anonymous_11)",
        "decl": {
          "start": { "line": 208, "column": 27 },
          "end": { "line": 208, "column": 28 }
        },
        "loc": {
          "start": { "line": 209, "column": 6 },
          "end": { "line": 211, "column": 7 }
        },
        "line": 209
      },
      "12": {
        "name": "(anonymous_12)",
        "decl": {
          "start": { "line": 212, "column": 30 },
          "end": { "line": 212, "column": 31 }
        },
        "loc": {
          "start": { "line": 213, "column": 6 },
          "end": { "line": 213, "column": 43 }
        },
        "line": 213
      },
      "13": {
        "name": "(anonymous_13)",
        "decl": {
          "start": { "line": 214, "column": 25 },
          "end": { "line": 214, "column": 26 }
        },
        "loc": {
          "start": { "line": 215, "column": 6 },
          "end": { "line": 215, "column": 51 }
        },
        "line": 215
      },
      "14": {
        "name": "(anonymous_14)",
        "decl": {
          "start": { "line": 216, "column": 32 },
          "end": { "line": 216, "column": 33 }
        },
        "loc": {
          "start": { "line": 216, "column": 74 },
          "end": { "line": 219, "column": 5 }
        },
        "line": 216
      },
      "15": {
        "name": "(anonymous_15)",
        "decl": {
          "start": { "line": 217, "column": 52 },
          "end": { "line": 217, "column": 53 }
        },
        "loc": {
          "start": { "line": 217, "column": 58 },
          "end": { "line": 217, "column": 60 }
        },
        "line": 217
      },
      "16": {
        "name": "(anonymous_16)",
        "decl": {
          "start": { "line": 218, "column": 28 },
          "end": { "line": 218, "column": 29 }
        },
        "loc": {
          "start": { "line": 218, "column": 39 },
          "end": { "line": 218, "column": 65 }
        },
        "line": 218
      },
      "17": {
        "name": "(anonymous_17)",
        "decl": {
          "start": { "line": 220, "column": 25 },
          "end": { "line": 220, "column": 26 }
        },
        "loc": {
          "start": { "line": 221, "column": 6 },
          "end": { "line": 224, "column": 21 }
        },
        "line": 221
      },
      "18": {
        "name": "(anonymous_18)",
        "decl": {
          "start": { "line": 232, "column": 14 },
          "end": { "line": 232, "column": 15 }
        },
        "loc": {
          "start": { "line": 233, "column": 8 },
          "end": { "line": 235, "column": 16 }
        },
        "line": 233
      },
      "19": {
        "name": "(anonymous_19)",
        "decl": {
          "start": { "line": 239, "column": 29 },
          "end": { "line": 239, "column": 30 }
        },
        "loc": {
          "start": { "line": 240, "column": 8 },
          "end": { "line": 240, "column": 55 }
        },
        "line": 240
      },
      "20": {
        "name": "(anonymous_20)",
        "decl": {
          "start": { "line": 246, "column": 11 },
          "end": { "line": 246, "column": 12 }
        },
        "loc": {
          "start": { "line": 246, "column": 22 },
          "end": { "line": 246, "column": 43 }
        },
        "line": 246
      },
      "21": {
        "name": "(anonymous_21)",
        "decl": {
          "start": { "line": 260, "column": 2 },
          "end": { "line": 260, "column": 3 }
        },
        "loc": {
          "start": { "line": 260, "column": 64 },
          "end": { "line": 307, "column": 3 }
        },
        "line": 260
      },
      "22": {
        "name": "(anonymous_22)",
        "decl": {
          "start": { "line": 315, "column": 2 },
          "end": { "line": 315, "column": 3 }
        },
        "loc": {
          "start": { "line": 315, "column": 68 },
          "end": { "line": 324, "column": 3 }
        },
        "line": 315
      }
    },
    "branchMap": {
      "0": {
        "loc": {
          "start": { "line": 59, "column": 6 },
          "end": { "line": 59, "column": 33 }
        },
        "type": "if",
        "locations": [
          {
            "start": { "line": 59, "column": 6 },
            "end": { "line": 59, "column": 33 }
          },
          { "start": {}, "end": {} }
        ],
        "line": 59
      },
      "1": {
        "loc": {
          "start": { "line": 61, "column": 6 },
          "end": { "line": 61, "column": 51 }
        },
        "type": "if",
        "locations": [
          {
            "start": { "line": 61, "column": 6 },
            "end": { "line": 61, "column": 51 }
          },
          { "start": {}, "end": {} }
        ],
        "line": 61
      },
      "2": {
        "loc": {
          "start": { "line": 79, "column": 8 },
          "end": { "line": 80, "column": 74 }
        },
        "type": "if",
        "locations": [
          {
            "start": { "line": 79, "column": 8 },
            "end": { "line": 80, "column": 74 }
          },
          {
            "start": { "line": 80, "column": 13 },
            "end": { "line": 80, "column": 74 }
          }
        ],
        "line": 79
      },
      "3": {
        "loc": {
          "start": { "line": 95, "column": 6 },
          "end": { "line": 95, "column": 62 }
        },
        "type": "binary-expr",
        "locations": [
          {
            "start": { "line": 95, "column": 6 },
            "end": { "line": 95, "column": 20 }
          },
          {
            "start": { "line": 95, "column": 24 },
            "end": { "line": 95, "column": 35 }
          },
          {
            "start": { "line": 95, "column": 39 },
            "end": { "line": 95, "column": 62 }
          }
        ],
        "line": 95
      },
      "4": {
        "loc": {
          "start": { "line": 99, "column": 4 },
          "end": { "line": 101, "column": 5 }
        },
        "type": "if",
        "locations": [
          {
            "start": { "line": 99, "column": 4 },
            "end": { "line": 101, "column": 5 }
          },
          { "start": {}, "end": {} }
        ],
        "line": 99
      },
      "5": {
        "loc": {
          "start": { "line": 103, "column": 4 },
          "end": { "line": 105, "column": 5 }
        },
        "type": "if",
        "locations": [
          {
            "start": { "line": 103, "column": 4 },
            "end": { "line": 105, "column": 5 }
          },
          { "start": {}, "end": {} }
        ],
        "line": 103
      },
      "6": {
        "loc": {
          "start": { "line": 107, "column": 11 },
          "end": { "line": 107, "column": 54 }
        },
        "type": "cond-expr",
        "locations": [
          {
            "start": { "line": 107, "column": 36 },
            "end": { "line": 107, "column": 47 }
          },
          {
            "start": { "line": 107, "column": 50 },
            "end": { "line": 107, "column": 54 }
          }
        ],
        "line": 107
      },
      "7": {
        "loc": {
          "start": { "line": 136, "column": 4 },
          "end": { "line": 143, "column": 5 }
        },
        "type": "if",
        "locations": [
          {
            "start": { "line": 136, "column": 4 },
            "end": { "line": 143, "column": 5 }
          },
          { "start": {}, "end": {} }
        ],
        "line": 136
      },
      "8": {
        "loc": {
          "start": { "line": 168, "column": 4 },
          "end": { "line": 175, "column": 5 }
        },
        "type": "if",
        "locations": [
          {
            "start": { "line": 168, "column": 4 },
            "end": { "line": 175, "column": 5 }
          },
          { "start": {}, "end": {} }
        ],
        "line": 168
      },
      "9": {
        "loc": {
          "start": { "line": 221, "column": 6 },
          "end": { "line": 224, "column": 21 }
        },
        "type": "binary-expr",
        "locations": [
          {
            "start": { "line": 221, "column": 6 },
            "end": { "line": 221, "column": 29 }
          },
          {
            "start": { "line": 222, "column": 6 },
            "end": { "line": 222, "column": 20 }
          },
          {
            "start": { "line": 223, "column": 6 },
            "end": { "line": 223, "column": 20 }
          },
          {
            "start": { "line": 224, "column": 6 },
            "end": { "line": 224, "column": 21 }
          }
        ],
        "line": 221
      },
      "10": {
        "loc": {
          "start": { "line": 233, "column": 8 },
          "end": { "line": 235, "column": 16 }
        },
        "type": "cond-expr",
        "locations": [
          {
            "start": { "line": 234, "column": 12 },
            "end": { "line": 234, "column": 51 }
          },
          {
            "start": { "line": 235, "column": 12 },
            "end": { "line": 235, "column": 16 }
          }
        ],
        "line": 233
      },
      "11": {
        "loc": {
          "start": { "line": 238, "column": 4 },
          "end": { "line": 242, "column": 5 }
        },
        "type": "if",
        "locations": [
          {
            "start": { "line": 238, "column": 4 },
            "end": { "line": 242, "column": 5 }
          },
          { "start": {}, "end": {} }
        ],
        "line": 238
      },
      "12": {
        "loc": {
          "start": { "line": 261, "column": 4 },
          "end": { "line": 261, "column": 57 }
        },
        "type": "if",
        "locations": [
          {
            "start": { "line": 261, "column": 4 },
            "end": { "line": 261, "column": 57 }
          },
          { "start": {}, "end": {} }
        ],
        "line": 261
      },
      "13": {
        "loc": {
          "start": { "line": 261, "column": 8 },
          "end": { "line": 261, "column": 45 }
        },
        "type": "binary-expr",
        "locations": [
          {
            "start": { "line": 261, "column": 8 },
            "end": { "line": 261, "column": 23 }
          },
          {
            "start": { "line": 261, "column": 27 },
            "end": { "line": 261, "column": 45 }
          }
        ],
        "line": 261
      },
      "14": {
        "loc": {
          "start": { "line": 285, "column": 4 },
          "end": { "line": 287, "column": 5 }
        },
        "type": "if",
        "locations": [
          {
            "start": { "line": 285, "column": 4 },
            "end": { "line": 287, "column": 5 }
          },
          { "start": {}, "end": {} }
        ],
        "line": 285
      },
      "15": {
        "loc": {
          "start": { "line": 290, "column": 6 },
          "end": { "line": 292, "column": 7 }
        },
        "type": "if",
        "locations": [
          {
            "start": { "line": 290, "column": 6 },
            "end": { "line": 292, "column": 7 }
          },
          { "start": {}, "end": {} }
        ],
        "line": 290
      },
      "16": {
        "loc": {
          "start": { "line": 297, "column": 6 },
          "end": { "line": 302, "column": 7 }
        },
        "type": "if",
        "locations": [
          {
            "start": { "line": 297, "column": 6 },
            "end": { "line": 302, "column": 7 }
          },
          { "start": {}, "end": {} }
        ],
        "line": 297
      },
      "17": {
        "loc": {
          "start": { "line": 299, "column": 15 },
          "end": { "line": 301, "column": 46 }
        },
        "type": "cond-expr",
        "locations": [
          {
            "start": { "line": 300, "column": 12 },
            "end": { "line": 300, "column": 14 }
          },
          {
            "start": { "line": 301, "column": 12 },
            "end": { "line": 301, "column": 46 }
          }
        ],
        "line": 299
      },
      "18": {
        "loc": {
          "start": { "line": 316, "column": 4 },
          "end": { "line": 316, "column": 46 }
        },
        "type": "if",
        "locations": [
          {
            "start": { "line": 316, "column": 4 },
            "end": { "line": 316, "column": 46 }
          },
          { "start": {}, "end": {} }
        ],
        "line": 316
      },
      "19": {
        "loc": {
          "start": { "line": 316, "column": 8 },
          "end": { "line": 316, "column": 27 }
        },
        "type": "binary-expr",
        "locations": [
          {
            "start": { "line": 316, "column": 8 },
            "end": { "line": 316, "column": 11 }
          },
          {
            "start": { "line": 316, "column": 15 },
            "end": { "line": 316, "column": 27 }
          }
        ],
        "line": 316
      },
      "20": {
        "loc": {
          "start": { "line": 318, "column": 6 },
          "end": { "line": 320, "column": 69 }
        },
        "type": "cond-expr",
        "locations": [
          {
            "start": { "line": 319, "column": 10 },
            "end": { "line": 319, "column": 21 }
          },
          {
            "start": { "line": 320, "column": 10 },
            "end": { "line": 320, "column": 69 }
          }
        ],
        "line": 318
      }
    },
    "s": {
      "0": 35,
      "1": 35,
      "2": 35,
      "3": 35,
      "4": 35,
      "5": 35,
      "6": 0,
      "7": 0,
      "8": 0,
      "9": 0,
      "10": 0,
      "11": 0,
      "12": 0,
      "13": 0,
      "14": 0,
      "15": 0,
      "16": 0,
      "17": 0,
      "18": 0,
      "19": 0,
      "20": 0,
      "21": 0,
      "22": 0,
      "23": 0,
      "24": 5,
      "25": 5,
      "26": 10,
      "27": 5,
      "28": 5,
      "29": 4,
      "30": 5,
      "31": 4,
      "32": 5,
      "33": 3,
      "34": 3,
      "35": 3,
      "36": 3,
      "37": 2,
      "38": 3,
      "39": 1,
      "40": 1,
      "41": 2,
      "42": 2,
      "43": 2,
      "44": 2,
      "45": 1,
      "46": 1,
      "47": 1,
      "48": 1,
      "49": 0,
      "50": 0,
      "51": 1,
      "52": 1,
      "53": 5,
      "54": 13,
      "55": 5,
      "56": 12,
      "57": 5,
      "58": 11,
      "59": 5,
      "60": 9,
      "61": 5,
      "62": 9,
      "63": 5,
      "64": 9,
      "65": 5,
      "66": 9,
      "67": 9,
      "68": 9,
      "69": 9,
      "70": 5,
      "71": 9,
      "72": 5,
      "73": 9,
      "74": 5,
      "75": 5,
      "76": 9,
      "77": 5,
      "78": 9,
      "79": 5,
      "80": 5,
      "81": 22,
      "82": 1,
      "83": 21,
      "84": 21,
      "85": 21,
      "86": 7,
      "87": 14,
      "88": 60,
      "89": 5,
      "90": 9,
      "91": 9,
      "92": 21,
      "93": 5,
      "94": 5,
      "95": 4,
      "96": 3,
      "97": 1,
      "98": 3,
      "99": 3,
      "100": 3
    },
    "f": {
      "0": 35,
      "1": 0,
      "2": 0,
      "3": 5,
      "4": 10,
      "5": 3,
      "6": 2,
      "7": 5,
      "8": 13,
      "9": 12,
      "10": 11,
      "11": 9,
      "12": 9,
      "13": 9,
      "14": 9,
      "15": 9,
      "16": 9,
      "17": 9,
      "18": 9,
      "19": 9,
      "20": 9,
      "21": 22,
      "22": 3
    },
    "b": {
      "0": [0, 0],
      "1": [0, 0],
      "2": [0, 0],
      "3": [10, 7, 4],
      "4": [4, 1],
      "5": [4, 1],
      "6": [4, 1],
      "7": [1, 2],
      "8": [0, 1],
      "9": [9, 9, 9, 7],
      "10": [9, 0],
      "11": [5, 0],
      "12": [1, 21],
      "13": [22, 1],
      "14": [7, 14],
      "15": [5, 55],
      "16": [5, 16],
      "17": [4, 1],
      "18": [1, 2],
      "19": [3, 1],
      "20": [2, 1]
    },
    "_coverageSchema": "1a1c01bbd47fc00a2c39e90264f33305004495a9",
    "hash": "9b2afdb319e4d552513f89534fcf15d770a1e871"
  },
  "/home/erichong/ygo-card-time/apps/yu-sei/src/utils/common.ts": {
    "path": "/home/erichong/ygo-card-time/apps/yu-sei/src/utils/common.ts",
    "statementMap": {
      "0": {
        "start": { "line": 1, "column": 21 },
        "end": { "line": 5, "column": 1 }
      },
      "1": {
        "start": { "line": 2, "column": 2 },
        "end": { "line": 4, "column": 5 }
      },
      "2": {
        "start": { "line": 3, "column": 4 },
        "end": { "line": 3, "column": 30 }
      }
    },
    "fnMap": {
      "0": {
        "name": "(anonymous_0)",
        "decl": {
          "start": { "line": 1, "column": 21 },
          "end": { "line": 1, "column": 22 }
        },
        "loc": {
          "start": { "line": 1, "column": 45 },
          "end": { "line": 5, "column": 1 }
        },
        "line": 1
      },
      "1": {
        "name": "(anonymous_1)",
        "decl": {
          "start": { "line": 2, "column": 21 },
          "end": { "line": 2, "column": 22 }
        },
        "loc": {
          "start": { "line": 2, "column": 32 },
          "end": { "line": 4, "column": 3 }
        },
        "line": 2
      }
    },
    "branchMap": {},
    "s": { "0": 1, "1": 1, "2": 1 },
    "f": { "0": 1, "1": 1 },
    "b": {},
    "_coverageSchema": "1a1c01bbd47fc00a2c39e90264f33305004495a9",
    "hash": "5c47bfbdef79aba9f280786b26aa325063262b9a"
  },
  "/home/erichong/ygo-card-time/apps/yu-sei/src/utils/index.ts": {
    "path": "/home/erichong/ygo-card-time/apps/yu-sei/src/utils/index.ts",
    "statementMap": {},
    "fnMap": {},
    "branchMap": {},
    "s": {},
    "f": {},
    "b": {},
    "_coverageSchema": "1a1c01bbd47fc00a2c39e90264f33305004495a9",
    "hash": "fc525386ff5fcf0b8ad4034737b3689e94412049"
  },
  "/home/erichong/ygo-card-time/apps/yu-sei/src/utils/priceCalculator.ts": {
    "path": "/home/erichong/ygo-card-time/apps/yu-sei/src/utils/priceCalculator.ts",
    "statementMap": {
      "0": {
        "start": { "line": 6, "column": 4 },
        "end": { "line": 9, "column": 5 }
      },
      "1": {
        "start": { "line": 7, "column": 23 },
        "end": { "line": 7, "column": 42 }
      },
      "2": {
        "start": { "line": 8, "column": 6 },
        "end": { "line": 8, "column": 50 }
      },
      "3": {
        "start": { "line": 11, "column": 27 },
        "end": { "line": 11, "column": 79 }
      },
      "4": {
        "start": { "line": 11, "column": 73 },
        "end": { "line": 11, "column": 78 }
      },
      "5": {
        "start": { "line": 13, "column": 21 },
        "end": { "line": 13, "column": 48 }
      },
      "6": {
        "start": { "line": 16, "column": 4 },
        "end": { "line": 26, "column": 5 }
      },
      "7": {
        "start": { "line": 17, "column": 6 },
        "end": { "line": 17, "column": 30 }
      },
      "8": {
        "start": { "line": 19, "column": 29 },
        "end": { "line": 19, "column": 65 }
      },
      "9": {
        "start": { "line": 21, "column": 27 },
        "end": { "line": 21, "column": 66 }
      },
      "10": {
        "start": { "line": 23, "column": 6 },
        "end": { "line": 25, "column": 8 }
      },
      "11": {
        "start": { "line": 24, "column": 44 },
        "end": { "line": 24, "column": 55 }
      },
      "12": {
        "start": { "line": 28, "column": 4 },
        "end": { "line": 28, "column": 38 }
      },
      "13": {
        "start": { "line": 32, "column": 19 },
        "end": { "line": 32, "column": 47 }
      },
      "14": {
        "start": { "line": 33, "column": 16 },
        "end": { "line": 33, "column": 49 }
      },
      "15": {
        "start": { "line": 34, "column": 22 },
        "end": { "line": 34, "column": 29 }
      },
      "16": {
        "start": { "line": 36, "column": 4 },
        "end": { "line": 36, "column": 73 }
      },
      "17": {
        "start": { "line": 36, "column": 34 },
        "end": { "line": 36, "column": 71 }
      },
      "18": {
        "start": { "line": 40, "column": 26 },
        "end": { "line": 40, "column": 60 }
      },
      "19": {
        "start": { "line": 40, "column": 54 },
        "end": { "line": 40, "column": 59 }
      },
      "20": {
        "start": { "line": 41, "column": 16 },
        "end": { "line": 41, "column": 52 }
      },
      "21": {
        "start": { "line": 42, "column": 4 },
        "end": { "line": 44, "column": 58 }
      },
      "22": {
        "start": { "line": 48, "column": 23 },
        "end": { "line": 48, "column": 65 }
      },
      "23": {
        "start": { "line": 48, "column": 42 },
        "end": { "line": 48, "column": 64 }
      },
      "24": {
        "start": { "line": 49, "column": 4 },
        "end": { "line": 49, "column": 44 }
      }
    },
    "fnMap": {
      "0": {
        "name": "(anonymous_0)",
        "decl": {
          "start": { "line": 2, "column": 2 },
          "end": { "line": 2, "column": 3 }
        },
        "loc": {
          "start": { "line": 5, "column": 4 },
          "end": { "line": 29, "column": 3 }
        },
        "line": 5
      },
      "1": {
        "name": "(anonymous_1)",
        "decl": {
          "start": { "line": 11, "column": 63 },
          "end": { "line": 11, "column": 64 }
        },
        "loc": {
          "start": { "line": 11, "column": 73 },
          "end": { "line": 11, "column": 78 }
        },
        "line": 11
      },
      "2": {
        "name": "(anonymous_2)",
        "decl": {
          "start": { "line": 24, "column": 28 },
          "end": { "line": 24, "column": 29 }
        },
        "loc": {
          "start": { "line": 24, "column": 44 },
          "end": { "line": 24, "column": 55 }
        },
        "line": 24
      },
      "3": {
        "name": "(anonymous_3)",
        "decl": {
          "start": { "line": 31, "column": 2 },
          "end": { "line": 31, "column": 3 }
        },
        "loc": {
          "start": { "line": 31, "column": 56 },
          "end": { "line": 37, "column": 3 }
        },
        "line": 31
      },
      "4": {
        "name": "(anonymous_4)",
        "decl": {
          "start": { "line": 36, "column": 25 },
          "end": { "line": 36, "column": 26 }
        },
        "loc": {
          "start": { "line": 36, "column": 34 },
          "end": { "line": 36, "column": 71 }
        },
        "line": 36
      },
      "5": {
        "name": "(anonymous_5)",
        "decl": {
          "start": { "line": 39, "column": 2 },
          "end": { "line": 39, "column": 3 }
        },
        "loc": {
          "start": { "line": 39, "column": 53 },
          "end": { "line": 45, "column": 3 }
        },
        "line": 39
      },
      "6": {
        "name": "(anonymous_6)",
        "decl": {
          "start": { "line": 40, "column": 44 },
          "end": { "line": 40, "column": 45 }
        },
        "loc": {
          "start": { "line": 40, "column": 54 },
          "end": { "line": 40, "column": 59 }
        },
        "line": 40
      },
      "7": {
        "name": "(anonymous_7)",
        "decl": {
          "start": { "line": 47, "column": 2 },
          "end": { "line": 47, "column": 3 }
        },
        "loc": {
          "start": { "line": 47, "column": 66 },
          "end": { "line": 50, "column": 3 }
        },
        "line": 47
      },
      "8": {
        "name": "(anonymous_8)",
        "decl": {
          "start": { "line": 48, "column": 35 },
          "end": { "line": 48, "column": 36 }
        },
        "loc": {
          "start": { "line": 48, "column": 42 },
          "end": { "line": 48, "column": 64 }
        },
        "line": 48
      }
    },
    "branchMap": {
      "0": {
        "loc": {
          "start": { "line": 6, "column": 4 },
          "end": { "line": 9, "column": 5 }
        },
        "type": "if",
        "locations": [
          {
            "start": { "line": 6, "column": 4 },
            "end": { "line": 9, "column": 5 }
          },
          { "start": {}, "end": {} }
        ],
        "line": 6
      },
      "1": {
        "loc": {
          "start": { "line": 16, "column": 4 },
          "end": { "line": 26, "column": 5 }
        },
        "type": "if",
        "locations": [
          {
            "start": { "line": 16, "column": 4 },
            "end": { "line": 26, "column": 5 }
          },
          {
            "start": { "line": 18, "column": 11 },
            "end": { "line": 26, "column": 5 }
          }
        ],
        "line": 16
      },
      "2": {
        "loc": {
          "start": { "line": 42, "column": 11 },
          "end": { "line": 44, "column": 57 }
        },
        "type": "cond-expr",
        "locations": [
          {
            "start": { "line": 43, "column": 8 },
            "end": { "line": 43, "column": 26 }
          },
          {
            "start": { "line": 44, "column": 8 },
            "end": { "line": 44, "column": 57 }
          }
        ],
        "line": 42
      }
    },
    "s": {
      "0": 0,
      "1": 0,
      "2": 0,
      "3": 0,
      "4": 0,
      "5": 0,
      "6": 0,
      "7": 0,
      "8": 0,
      "9": 0,
      "10": 0,
      "11": 0,
      "12": 0,
      "13": 0,
      "14": 0,
      "15": 0,
      "16": 0,
      "17": 0,
      "18": 0,
      "19": 0,
      "20": 0,
      "21": 0,
      "22": 0,
      "23": 0,
      "24": 0
    },
    "f": {
      "0": 0,
      "1": 0,
      "2": 0,
      "3": 0,
      "4": 0,
      "5": 0,
      "6": 0,
      "7": 0,
      "8": 0
    },
    "b": { "0": [0, 0], "1": [0, 0], "2": [0, 0] },
    "_coverageSchema": "1a1c01bbd47fc00a2c39e90264f33305004495a9",
    "hash": "91f12bb089fdc8bdb72c7f3f427fffc25a6ef474"
  }
}
