TN:
SF:src/cronJobs/rutenPrice.ts
FN:35,(anonymous_0)
FN:49,(anonymous_1)
FN:70,(anonymous_2)
FN:87,(anonymous_3)
FN:117,(anonymous_4)
FN:120,(anonymous_5)
FN:144,(anonymous_6)
FN:161,(anonymous_7)
FN:223,(anonymous_8)
FN:229,(anonymous_9)
FN:231,(anonymous_10)
FN:233,(anonymous_11)
FN:235,(anonymous_12)
FN:239,(anonymous_13)
FN:241,(anonymous_14)
FN:243,(anonymous_15)
FN:244,(anonymous_16)
FN:245,(anonymous_17)
FN:247,(anonymous_18)
FN:259,(anonymous_19)
FN:266,(anonymous_20)
FN:273,(anonymous_21)
FN:285,(anonymous_22)
FN:339,(anonymous_23)
FNF:24
FNH:21
FNDA:35,(anonymous_0)
FNDA:0,(anonymous_1)
FNDA:0,(anonymous_2)
FNDA:0,(anonymous_3)
FNDA:5,(anonymous_4)
FNDA:10,(anonymous_5)
FNDA:3,(anonymous_6)
FNDA:2,(anonymous_7)
FNDA:5,(anonymous_8)
FNDA:13,(anonymous_9)
FNDA:12,(anonymous_10)
FNDA:11,(anonymous_11)
FNDA:9,(anonymous_12)
FNDA:9,(anonymous_13)
FNDA:9,(anonymous_14)
FNDA:9,(anonymous_15)
FNDA:9,(anonymous_16)
FNDA:9,(anonymous_17)
FNDA:9,(anonymous_18)
FNDA:9,(anonymous_19)
FNDA:9,(anonymous_20)
FNDA:9,(anonymous_21)
FNDA:22,(anonymous_22)
FNDA:3,(anonymous_23)
DA:28,35
DA:40,35
DA:41,35
DA:42,35
DA:43,35
DA:50,0
DA:51,0
DA:67,35
DA:71,0
DA:72,0
DA:84,0
DA:85,0
DA:86,0
DA:87,0
DA:88,0
DA:90,0
DA:94,0
DA:96,0
DA:97,0
DA:98,0
DA:105,0
DA:106,0
DA:118,5
DA:120,5
DA:121,10
DA:123,5
DA:125,5
DA:126,4
DA:129,5
DA:130,4
DA:133,5
DA:150,3
DA:155,3
DA:157,3
DA:159,3
DA:161,2
DA:163,3
DA:164,1
DA:165,1
DA:172,2
DA:176,2
DA:177,2
DA:178,2
DA:180,1
DA:181,1
DA:188,1
DA:195,1
DA:196,0
DA:197,0
DA:205,1
DA:207,1
DA:229,5
DA:230,13
DA:231,5
DA:232,12
DA:233,5
DA:234,11
DA:235,5
DA:236,9
DA:239,5
DA:240,9
DA:241,5
DA:242,9
DA:243,5
DA:244,9
DA:245,9
DA:247,5
DA:248,9
DA:253,5
DA:260,9
DA:265,5
DA:266,5
DA:267,9
DA:271,5
DA:273,9
DA:276,5
DA:286,22
DA:288,21
DA:302,21
DA:310,21
DA:311,7
DA:314,14
DA:315,60
DA:316,5
DA:320,9
DA:321,9
DA:322,21
DA:323,5
DA:324,5
DA:330,4
DA:340,3
DA:342,3
DA:345,3
DA:347,3
LF:94
LH:76
BRDA:44,0,0,35
BRDA:44,0,1,0
BRDA:51,1,0,0
BRDA:51,1,1,0
BRDA:85,2,0,0
BRDA:85,2,1,0
BRDA:87,3,0,0
BRDA:87,3,1,0
BRDA:105,4,0,0
BRDA:105,4,1,0
BRDA:121,5,0,10
BRDA:121,5,1,7
BRDA:121,5,2,4
BRDA:125,6,0,4
BRDA:125,6,1,1
BRDA:129,7,0,4
BRDA:129,7,1,1
BRDA:133,8,0,4
BRDA:133,8,1,1
BRDA:163,9,0,1
BRDA:163,9,1,2
BRDA:195,10,0,0
BRDA:195,10,1,1
BRDA:248,11,0,9
BRDA:248,11,1,9
BRDA:248,11,2,9
BRDA:248,11,3,7
BRDA:260,12,0,9
BRDA:260,12,1,0
BRDA:265,13,0,5
BRDA:265,13,1,0
BRDA:286,14,0,1
BRDA:286,14,1,21
BRDA:286,15,0,22
BRDA:286,15,1,1
BRDA:310,16,0,7
BRDA:310,16,1,14
BRDA:315,17,0,5
BRDA:315,17,1,55
BRDA:322,18,0,5
BRDA:322,18,1,16
BRDA:324,19,0,4
BRDA:324,19,1,1
BRDA:340,20,0,1
BRDA:340,20,1,2
BRDA:340,21,0,3
BRDA:340,21,1,1
BRDA:342,22,0,2
BRDA:342,22,1,1
BRF:49
BRH:37
end_of_record
TN:
SF:src/utils/common.ts
FN:1,(anonymous_0)
FN:2,(anonymous_1)
FNF:2
FNH:2
FNDA:1,(anonymous_0)
FNDA:1,(anonymous_1)
DA:1,1
DA:2,1
DA:3,1
LF:3
LH:3
BRF:0
BRH:0
end_of_record
TN:
SF:src/utils/index.ts
FNF:0
FNH:0
LF:0
LH:0
BRF:0
BRH:0
end_of_record
TN:
SF:src/utils/priceCalculator.ts
FN:2,(anonymous_0)
FN:11,(anonymous_1)
FN:24,(anonymous_2)
FN:31,(anonymous_3)
FN:36,(anonymous_4)
FN:39,(anonymous_5)
FN:40,(anonymous_6)
FN:47,(anonymous_7)
FN:48,(anonymous_8)
FNF:9
FNH:0
FNDA:0,(anonymous_0)
FNDA:0,(anonymous_1)
FNDA:0,(anonymous_2)
FNDA:0,(anonymous_3)
FNDA:0,(anonymous_4)
FNDA:0,(anonymous_5)
FNDA:0,(anonymous_6)
FNDA:0,(anonymous_7)
FNDA:0,(anonymous_8)
DA:6,0
DA:7,0
DA:8,0
DA:11,0
DA:13,0
DA:16,0
DA:17,0
DA:19,0
DA:21,0
DA:23,0
DA:24,0
DA:28,0
DA:32,0
DA:33,0
DA:34,0
DA:36,0
DA:40,0
DA:41,0
DA:42,0
DA:48,0
DA:49,0
LF:21
LH:0
BRDA:6,0,0,0
BRDA:6,0,1,0
BRDA:16,1,0,0
BRDA:16,1,1,0
BRDA:42,2,0,0
BRDA:42,2,1,0
BRF:6
BRH:0
end_of_record
