TN:
SF:src/cronJobs/rutenPrice.ts
FN:35,(anonymous_0)
FN:49,(anonymous_1)
FN:70,(anonymous_2)
FN:90,(anonymous_3)
FN:151,(anonymous_4)
FN:177,(anonymous_5)
FN:180,(anonymous_6)
FN:204,(anonymous_7)
FN:221,(anonymous_8)
FN:283,(anonymous_9)
FN:289,(anonymous_10)
FN:291,(anonymous_11)
FN:293,(anonymous_12)
FN:295,(anonymous_13)
FN:299,(anonymous_14)
FN:301,(anonymous_15)
FN:303,(anonymous_16)
FN:304,(anonymous_17)
FN:305,(anonymous_18)
FN:307,(anonymous_19)
FN:319,(anonymous_20)
FN:326,(anonymous_21)
FN:333,(anonymous_22)
FN:345,(anonymous_23)
FN:399,(anonymous_24)
FNF:25
FNH:24
FNDA:38,(anonymous_0)
FNDA:0,(anonymous_1)
FNDA:3,(anonymous_2)
FNDA:6,(anonymous_3)
FNDA:5,(anonymous_4)
FNDA:5,(anonymous_5)
FNDA:10,(anonymous_6)
FNDA:3,(anonymous_7)
FNDA:2,(anonymous_8)
FNDA:5,(anonymous_9)
FNDA:13,(anonymous_10)
FNDA:12,(anonymous_11)
FNDA:11,(anonymous_12)
FNDA:9,(anonymous_13)
FNDA:9,(anonymous_14)
FNDA:9,(anonymous_15)
FNDA:9,(anonymous_16)
FNDA:9,(anonymous_17)
FNDA:9,(anonymous_18)
FNDA:9,(anonymous_19)
FNDA:9,(anonymous_20)
FNDA:9,(anonymous_21)
FNDA:9,(anonymous_22)
FNDA:22,(anonymous_23)
FNDA:3,(anonymous_24)
DA:28,38
DA:40,38
DA:41,38
DA:42,38
DA:43,38
DA:50,0
DA:51,0
DA:67,38
DA:71,3
DA:72,3
DA:84,3
DA:85,3
DA:87,3
DA:88,4
DA:89,4
DA:90,6
DA:91,4
DA:93,4
DA:97,4
DA:99,4
DA:100,6
DA:101,6
DA:108,6
DA:109,1
DA:112,4
DA:114,4
DA:116,4
DA:117,1
DA:126,1
DA:129,4
DA:130,4
DA:136,1
DA:146,1
DA:149,4
DA:151,5
DA:154,4
DA:165,3
DA:178,5
DA:180,5
DA:181,10
DA:183,5
DA:185,5
DA:186,4
DA:189,5
DA:190,4
DA:193,5
DA:210,3
DA:215,3
DA:217,3
DA:219,3
DA:221,2
DA:223,3
DA:224,1
DA:225,1
DA:232,2
DA:236,2
DA:237,2
DA:238,2
DA:240,1
DA:241,1
DA:248,1
DA:255,1
DA:256,0
DA:257,0
DA:265,1
DA:267,1
DA:289,5
DA:290,13
DA:291,5
DA:292,12
DA:293,5
DA:294,11
DA:295,5
DA:296,9
DA:299,5
DA:300,9
DA:301,5
DA:302,9
DA:303,5
DA:304,9
DA:305,9
DA:307,5
DA:308,9
DA:313,5
DA:320,9
DA:325,5
DA:326,5
DA:327,9
DA:331,5
DA:333,9
DA:336,5
DA:346,22
DA:348,21
DA:362,21
DA:370,21
DA:371,7
DA:374,14
DA:375,60
DA:376,5
DA:380,9
DA:381,9
DA:382,21
DA:383,5
DA:384,5
DA:390,4
DA:400,3
DA:402,3
DA:405,3
DA:407,3
LF:109
LH:105
BRDA:44,0,0,38
BRDA:44,0,1,0
BRDA:51,1,0,0
BRDA:51,1,1,0
BRDA:88,2,0,0
BRDA:88,2,1,4
BRDA:90,3,0,0
BRDA:90,3,1,4
BRDA:108,4,0,5
BRDA:108,4,1,1
BRDA:116,5,0,1
BRDA:116,5,1,3
BRDA:181,6,0,10
BRDA:181,6,1,7
BRDA:181,6,2,4
BRDA:185,7,0,4
BRDA:185,7,1,1
BRDA:189,8,0,4
BRDA:189,8,1,1
BRDA:193,9,0,4
BRDA:193,9,1,1
BRDA:223,10,0,1
BRDA:223,10,1,2
BRDA:255,11,0,0
BRDA:255,11,1,1
BRDA:308,12,0,9
BRDA:308,12,1,9
BRDA:308,12,2,9
BRDA:308,12,3,7
BRDA:320,13,0,9
BRDA:320,13,1,0
BRDA:325,14,0,5
BRDA:325,14,1,0
BRDA:346,15,0,1
BRDA:346,15,1,21
BRDA:346,16,0,22
BRDA:346,16,1,1
BRDA:370,17,0,7
BRDA:370,17,1,14
BRDA:375,18,0,5
BRDA:375,18,1,55
BRDA:382,19,0,5
BRDA:382,19,1,16
BRDA:384,20,0,4
BRDA:384,20,1,1
BRDA:400,21,0,1
BRDA:400,21,1,2
BRDA:400,22,0,3
BRDA:400,22,1,1
BRDA:402,23,0,2
BRDA:402,23,1,1
BRF:51
BRH:43
end_of_record
TN:
SF:src/utils/common.ts
FN:1,(anonymous_0)
FN:2,(anonymous_1)
FNF:2
FNH:2
FNDA:10,(anonymous_0)
FNDA:10,(anonymous_1)
DA:1,4
DA:2,10
DA:3,10
LF:3
LH:3
BRF:0
BRH:0
end_of_record
TN:
SF:src/utils/index.ts
FNF:0
FNH:0
LF:0
LH:0
BRF:0
BRH:0
end_of_record
TN:
SF:src/utils/priceCalculator.ts
FN:2,(anonymous_0)
FN:11,(anonymous_1)
FN:24,(anonymous_2)
FN:31,(anonymous_3)
FN:36,(anonymous_4)
FN:39,(anonymous_5)
FN:40,(anonymous_6)
FN:47,(anonymous_7)
FN:48,(anonymous_8)
FNF:9
FNH:9
FNDA:14,(anonymous_0)
FNDA:34,(anonymous_1)
FNDA:18,(anonymous_2)
FNDA:10,(anonymous_3)
FNDA:48,(anonymous_4)
FNDA:24,(anonymous_5)
FNDA:126,(anonymous_6)
FNDA:12,(anonymous_7)
FNDA:58,(anonymous_8)
DA:1,2
DA:6,14
DA:7,4
DA:8,4
DA:11,34
DA:13,10
DA:16,10
DA:17,0
DA:19,10
DA:21,10
DA:23,10
DA:24,18
DA:28,10
DA:32,10
DA:33,10
DA:34,10
DA:36,48
DA:40,126
DA:41,24
DA:42,24
DA:48,58
DA:49,12
LF:22
LH:21
BRDA:6,0,0,4
BRDA:6,0,1,5
BRDA:16,1,0,0
BRDA:16,1,1,10
BRDA:42,2,0,4
BRDA:42,2,1,20
BRF:6
BRH:5
end_of_record
